#
# A fatal error has been detected by the Java Runtime Environment:
#
#  EXCEPTION_ILLEGAL_INSTRUCTION (0xc000001d) at pc=0x000001780c006a40, pid=9612, tid=7440
#
# JRE version: Java(TM) SE Runtime Environment (20.0.2+9) (build 20.0.2+9-78)
# Java VM: Java HotSpot(TM) 64-Bit Server VM (20.0.2+9-78, mixed mode, sharing, tiered, compressed oops, compressed class ptrs, g1 gc, windows-amd64)
# Problematic frame:
# J 2090 c1 com.google.inject.spi.InjectionPoint.checkForMisplacedBindingAnnotations(Ljava/lang/reflect/Member;Lcom/google/inject/internal/Errors;)Z (61 bytes) @ 0x000001780c006a40 [0x000001780c0068a0+0x00000000000001a0]
#
# No core dump will be written. Minidumps are not enabled by default on client versions of Windows
#
# If you would like to submit a bug report, please visit:
#   https://bugreport.java.com/bugreport/crash.jsp
#

---------------  S U M M A R Y ------------

Command Line: -Dclassworlds.conf=C:\Program Files\NetBeans-18\netbeans\java\maven\bin\m2.conf -Dmaven.home=C:\Program Files\NetBeans-18\netbeans\java\maven -Dlibrary.jansi.path=C:\Program Files\NetBeans-18\netbeans\java\maven\lib\jansi-native -Dmaven.multiModuleProjectDirectory=C:\Users\Ja8\Documents\NetBeansProjects\CursoJava24_JSP3_Scriptlets org.codehaus.plexus.classworlds.launcher.Launcher -Dnetbeans.deploy=true -Dexec.vmArgs= -Dexec.appArgs= -Dmaven.ext.class.path=C:\Program Files\NetBeans-18\netbeans\java\maven-nblib\netbeans-eventspy.jar -Dfile.encoding=UTF-8 --no-transfer-progress package

Host: Intel(R) Core(TM) i5-4210H CPU @ 2.90GHz, 4 cores, 7G,  Windows 10 , 64 bit Build 19041 (10.0.19041.3155)
Time: Sat Aug 26 14:18:26 2023 Romance Daylight Time elapsed time: 1.859761 seconds (0d 0h 0m 1s)

---------------  T H R E A D  ---------------

Current thread (0x0000017803b4e900):  JavaThread "main" [_thread_in_Java, id=7440, stack(0x000000145b200000,0x000000145b300000)]

Stack: [0x000000145b200000,0x000000145b300000],  sp=0x000000145b2fe600,  free space=1017k
Native frames: (J=compiled Java code, j=interpreted, Vv=VM code, C=native code)
C  0x000001780c006a40


siginfo: EXCEPTION_ILLEGAL_INSTRUCTION (0xc000001d)


Registers:
RAX=0x0000017820040df0, RBX=0x000001786180a300, RCX=0x0000000000000011, RDX=0x0000000087069940
RSP=0x000000145b2fe600, RBP=0x000000145b2fe8a0, RSI=0x0000000087069940, RDI=0x0000017820040df0
R8 =0x0000000087068b70, R9 =0x0000017820001170, R10=0x0000017820000000, R11=0x0000000087069940
R12=0x0000000000000000, R13=0x000001780bf9893c, R14=0x000000145b2fe600, R15=0x0000017803b4e900
RIP=0x000001780c006a40, EFLAGS=0x0000000000010206


Register to memory mapping:

RIP=0x000001780c006a40 is at entry_point+416 in (nmethod*)0x000001780c006690
Compiled method (c1)    1868 2090   !   3       com.google.inject.spi.InjectionPoint::checkForMisplacedBindingAnnotations (61 bytes)
 total in heap  [0x000001780c006690,0x000001780c007218] = 2952
 relocation     [0x000001780c0067d8,0x000001780c006890] = 184
 main code      [0x000001780c0068a0,0x000001780c006f68] = 1736
 stub code      [0x000001780c006f68,0x000001780c007000] = 152
 oops           [0x000001780c007000,0x000001780c007008] = 8
 metadata       [0x000001780c007008,0x000001780c007010] = 8
 scopes data    [0x000001780c007010,0x000001780c007090] = 128
 scopes pcs     [0x000001780c007090,0x000001780c007170] = 224
 dependencies   [0x000001780c007170,0x000001780c007178] = 8
 handler table  [0x000001780c007178,0x000001780c0071f0] = 120
 nul chk table  [0x000001780c0071f0,0x000001780c007218] = 40
RAX=0x0000017820040df0 is a pointer to class: 
java.lang.reflect.Method {0x0000017820040df8}
 - instance size:     11
 - klass size:        139
 - access:            public final synchronized 
 - state:             fully_initialized
 - name:              'java/lang/reflect/Method'
 - super:             'java/lang/reflect/Executable'
 - sub:               
 - arrays:            'java/lang/reflect/Method'[]
 - methods:           Array<T>(0x00000178206765d8)
 - method ordering:   Array<T>(0x0000017820677478)
 - default_methods:   Array<T>(0x0000000000000000)
 - local interfaces:  Array<T>(0x0000017820610170)
 - trans. interfaces: Array<T>(0x0000017820632818)
 - constants:         constant pool [472] {0x0000017820673700} for 'java/lang/reflect/Method' cache=0x0000017820041480
 - class loader data:  loader data: 0x0000017803b6be50 of 'bootstrap'
 - source file:       'Method.java'
 - class annotations:       Array<T>(0x0000000000000000)
 - class type annotations:  Array<T>(0x0000000000000000)
 - field annotations:       Array<T>(0x0000017820676498)
 - field type annotations:  Array<T>(0x0000000000000000)
 - inner classes:     Array<T>(0x00000178206100f8)
 - nest members:     Array<T>(0x00000178206100f8)
 - permitted subclasses:     Array<T>(0x00000178206100f8)
 - java mirror:       a 'java/lang/Class'{0x000000008137bf58} = 'java/lang/reflect/Method'
 - vtable length      57  (start addr: 0x0000017820040fb0)
 - itable length      24 (start addr: 0x0000017820041178)
 - ---- static fields (0 words):
 - ---- non-static fields (18 words):
 - 'override' 'Z' @12 
 - volatile 'accessCheckCache' 'Ljava/lang/Object;' @16 
 - private synchronized transient 'parameterData' 'Ljava/lang/reflect/Executable$ParameterData;' @20 
 - private volatile transient 'declaredAnnotations' 'Ljava/util/Map;' @24 
 - private synchronized 'callerSensitive' 'B' @13 
 - private final 'slot' 'I' @28 
 - private final 'modifiers' 'I' @32 
 - private final 'clazz' 'Ljava/lang/Class;' @36 
 - private final 'name' 'Ljava/lang/String;' @40 
 - private final 'returnType' 'Ljava/lang/Class;' @44 
 - private final 'parameterTypes' '[Ljava/lang/Class;' @48 
 - private final 'exceptionTypes' '[Ljava/lang/Class;' @52 
 - private final transient 'signature' 'Ljava/lang/String;' @56 
 - private transient 'genericInfo' 'Lsun/reflect/generics/repository/MethodRepository;' @60 
 - private final 'annotations' '[B' @64 
 - private final 'parameterAnnotations' '[B' @68 
 - private final 'annotationDefault' '[B' @72 
 - private synchronized 'methodAccessor' 'Ljdk/internal/reflect/MethodAccessor;' @76 
 - private 'root' 'Ljava/lang/reflect/Method;' @80 
 - non-static oop maps: 16-24 36-80 
RBX=0x000001786180a300 is pointing into metadata
RCX=0x0000000000000011 is an unknown value
RDX=0x0000000087069940 is an oop: java.lang.reflect.Method 
{0x0000000087069940} - klass: 'java/lang/reflect/Method'
 - ---- fields (total size 11 words):
 - 'override' 'Z' @12  false (0x00)
 - volatile 'accessCheckCache' 'Ljava/lang/Object;' @16  NULL (0x00000000)
 - private synchronized transient 'parameterData' 'Ljava/lang/reflect/Executable$ParameterData;' @20  NULL (0x00000000)
 - private volatile transient 'declaredAnnotations' 'Ljava/util/Map;' @24  a 'java/util/LinkedHashMap'{0x000000008872edd8} (0x8872edd8)
 - private synchronized 'callerSensitive' 'B' @13  0 (0x00)
 - private final 'slot' 'I' @28  16 (0x00000010)
 - private final 'modifiers' 'I' @32  33 (0x00000021)
 - private final 'clazz' 'Ljava/lang/Class;' @36  a 'java/lang/Class'{0x0000000081465160} = 'org/codehaus/plexus/DefaultPlexusContainer' (0x81465160)
 - private final 'name' 'Ljava/lang/String;' @40  "setLoggerManager"{0x000000008871faa8} (0x8871faa8)
 - private final 'returnType' 'Ljava/lang/Class;' @44  a 'java/lang/Class'{0x0000000081331970} = void (0x81331970)
 - private final 'parameterTypes' '[Ljava/lang/Class;' @48  a 'java/lang/Class'[1] {0x000000008871fa90} (0x8871fa90)
 - private final 'exceptionTypes' '[Ljava/lang/Class;' @52  a 'java/lang/Class'[0] {0x0000000081331a28} (0x81331a28)
 - private final transient 'signature' 'Ljava/lang/String;' @56  NULL (0x00000000)
 - private transient 'genericInfo' 'Lsun/reflect/generics/repository/MethodRepository;' @60  NULL (0x00000000)
 - private final 'annotations' '[B' @64  [B{0x000000008871fb38} (0x8871fb38)
 - private final 'parameterAnnotations' '[B' @68  NULL (0x00000000)
 - private final 'annotationDefault' '[B' @72  NULL (0x00000000)
 - private synchronized 'methodAccessor' 'Ljdk/internal/reflect/MethodAccessor;' @76  NULL (0x00000000)
 - private 'root' 'Ljava/lang/reflect/Method;' @80  a 'java/lang/reflect/Method'{0x000000008871fae0} (0x8871fae0)
RSP=0x000000145b2fe600 is pointing into the stack for thread: 0x0000017803b4e900
RBP=0x000000145b2fe8a0 is pointing into the stack for thread: 0x0000017803b4e900
RSI=0x0000000087069940 is an oop: java.lang.reflect.Method 
{0x0000000087069940} - klass: 'java/lang/reflect/Method'
 - ---- fields (total size 11 words):
 - 'override' 'Z' @12  false (0x00)
 - volatile 'accessCheckCache' 'Ljava/lang/Object;' @16  NULL (0x00000000)
 - private synchronized transient 'parameterData' 'Ljava/lang/reflect/Executable$ParameterData;' @20  NULL (0x00000000)
 - private volatile transient 'declaredAnnotations' 'Ljava/util/Map;' @24  a 'java/util/LinkedHashMap'{0x000000008872edd8} (0x8872edd8)
 - private synchronized 'callerSensitive' 'B' @13  0 (0x00)
 - private final 'slot' 'I' @28  16 (0x00000010)
 - private final 'modifiers' 'I' @32  33 (0x00000021)
 - private final 'clazz' 'Ljava/lang/Class;' @36  a 'java/lang/Class'{0x0000000081465160} = 'org/codehaus/plexus/DefaultPlexusContainer' (0x81465160)
 - private final 'name' 'Ljava/lang/String;' @40  "setLoggerManager"{0x000000008871faa8} (0x8871faa8)
 - private final 'returnType' 'Ljava/lang/Class;' @44  a 'java/lang/Class'{0x0000000081331970} = void (0x81331970)
 - private final 'parameterTypes' '[Ljava/lang/Class;' @48  a 'java/lang/Class'[1] {0x000000008871fa90} (0x8871fa90)
 - private final 'exceptionTypes' '[Ljava/lang/Class;' @52  a 'java/lang/Class'[0] {0x0000000081331a28} (0x81331a28)
 - private final transient 'signature' 'Ljava/lang/String;' @56  NULL (0x00000000)
 - private transient 'genericInfo' 'Lsun/reflect/generics/repository/MethodRepository;' @60  NULL (0x00000000)
 - private final 'annotations' '[B' @64  [B{0x000000008871fb38} (0x8871fb38)
 - private final 'parameterAnnotations' '[B' @68  NULL (0x00000000)
 - private final 'annotationDefault' '[B' @72  NULL (0x00000000)
 - private synchronized 'methodAccessor' 'Ljdk/internal/reflect/MethodAccessor;' @76  NULL (0x00000000)
 - private 'root' 'Ljava/lang/reflect/Method;' @80  a 'java/lang/reflect/Method'{0x000000008871fae0} (0x8871fae0)
RDI=0x0000017820040df0 is a pointer to class: 
java.lang.reflect.Method {0x0000017820040df8}
 - instance size:     11
 - klass size:        139
 - access:            public final synchronized 
 - state:             fully_initialized
 - name:              'java/lang/reflect/Method'
 - super:             'java/lang/reflect/Executable'
 - sub:               
 - arrays:            'java/lang/reflect/Method'[]
 - methods:           Array<T>(0x00000178206765d8)
 - method ordering:   Array<T>(0x0000017820677478)
 - default_methods:   Array<T>(0x0000000000000000)
 - local interfaces:  Array<T>(0x0000017820610170)
 - trans. interfaces: Array<T>(0x0000017820632818)
 - constants:         constant pool [472] {0x0000017820673700} for 'java/lang/reflect/Method' cache=0x0000017820041480
 - class loader data:  loader data: 0x0000017803b6be50 of 'bootstrap'
 - source file:       'Method.java'
 - class annotations:       Array<T>(0x0000000000000000)
 - class type annotations:  Array<T>(0x0000000000000000)
 - field annotations:       Array<T>(0x0000017820676498)
 - field type annotations:  Array<T>(0x0000000000000000)
 - inner classes:     Array<T>(0x00000178206100f8)
 - nest members:     Array<T>(0x00000178206100f8)
 - permitted subclasses:     Array<T>(0x00000178206100f8)
 - java mirror:       a 'java/lang/Class'{0x000000008137bf58} = 'java/lang/reflect/Method'
 - vtable length      57  (start addr: 0x0000017820040fb0)
 - itable length      24 (start addr: 0x0000017820041178)
 - ---- static fields (0 words):
 - ---- non-static fields (18 words):
 - 'override' 'Z' @12 
 - volatile 'accessCheckCache' 'Ljava/lang/Object;' @16 
 - private synchronized transient 'parameterData' 'Ljava/lang/reflect/Executable$ParameterData;' @20 
 - private volatile transient 'declaredAnnotations' 'Ljava/util/Map;' @24 
 - private synchronized 'callerSensitive' 'B' @13 
 - private final 'slot' 'I' @28 
 - private final 'modifiers' 'I' @32 
 - private final 'clazz' 'Ljava/lang/Class;' @36 
 - private final 'name' 'Ljava/lang/String;' @40 
 - private final 'returnType' 'Ljava/lang/Class;' @44 
 - private final 'parameterTypes' '[Ljava/lang/Class;' @48 
 - private final 'exceptionTypes' '[Ljava/lang/Class;' @52 
 - private final transient 'signature' 'Ljava/lang/String;' @56 
 - private transient 'genericInfo' 'Lsun/reflect/generics/repository/MethodRepository;' @60 
 - private final 'annotations' '[B' @64 
 - private final 'parameterAnnotations' '[B' @68 
 - private final 'annotationDefault' '[B' @72 
 - private synchronized 'methodAccessor' 'Ljdk/internal/reflect/MethodAccessor;' @76 
 - private 'root' 'Ljava/lang/reflect/Method;' @80 
 - non-static oop maps: 16-24 36-80 
R8 =0x0000000087068b70 is an oop: com.google.inject.internal.Errors 
{0x0000000087068b70} - klass: 'com/google/inject/internal/Errors'
 - ---- fields (total size 4 words):
 - private final 'root' 'Lcom/google/inject/internal/Errors;' @12  a 'com/google/inject/internal/Errors'{0x0000000087068b70} (0x87068b70)
 - private final 'parent' 'Lcom/google/inject/internal/Errors;' @16  NULL (0x00000000)
 - private final 'source' 'Ljava/lang/Object;' @20  "[unknown source]"{0x0000000081496a40} (0x81496a40)
 - private 'errors' 'Ljava/util/List;' @24  NULL (0x00000000)
R9 ={method} {0x0000017820001178} 'hashCode' '()I' in 'java/lang/Object'
R10=0x0000017820000000 is pointing into metadata
R11=0x0000000087069940 is an oop: java.lang.reflect.Method 
{0x0000000087069940} - klass: 'java/lang/reflect/Method'
 - ---- fields (total size 11 words):
 - 'override' 'Z' @12  false (0x00)
 - volatile 'accessCheckCache' 'Ljava/lang/Object;' @16  NULL (0x00000000)
 - private synchronized transient 'parameterData' 'Ljava/lang/reflect/Executable$ParameterData;' @20  NULL (0x00000000)
 - private volatile transient 'declaredAnnotations' 'Ljava/util/Map;' @24  a 'java/util/LinkedHashMap'{0x000000008872edd8} (0x8872edd8)
 - private synchronized 'callerSensitive' 'B' @13  0 (0x00)
 - private final 'slot' 'I' @28  16 (0x00000010)
 - private final 'modifiers' 'I' @32  33 (0x00000021)
 - private final 'clazz' 'Ljava/lang/Class;' @36  a 'java/lang/Class'{0x0000000081465160} = 'org/codehaus/plexus/DefaultPlexusContainer' (0x81465160)
 - private final 'name' 'Ljava/lang/String;' @40  "setLoggerManager"{0x000000008871faa8} (0x8871faa8)
 - private final 'returnType' 'Ljava/lang/Class;' @44  a 'java/lang/Class'{0x0000000081331970} = void (0x81331970)
 - private final 'parameterTypes' '[Ljava/lang/Class;' @48  a 'java/lang/Class'[1] {0x000000008871fa90} (0x8871fa90)
 - private final 'exceptionTypes' '[Ljava/lang/Class;' @52  a 'java/lang/Class'[0] {0x0000000081331a28} (0x81331a28)
 - private final transient 'signature' 'Ljava/lang/String;' @56  NULL (0x00000000)
 - private transient 'genericInfo' 'Lsun/reflect/generics/repository/MethodRepository;' @60  NULL (0x00000000)
 - private final 'annotations' '[B' @64  [B{0x000000008871fb38} (0x8871fb38)
 - private final 'parameterAnnotations' '[B' @68  NULL (0x00000000)
 - private final 'annotationDefault' '[B' @72  NULL (0x00000000)
 - private synchronized 'methodAccessor' 'Ljdk/internal/reflect/MethodAccessor;' @76  NULL (0x00000000)
 - private 'root' 'Ljava/lang/reflect/Method;' @80  a 'java/lang/reflect/Method'{0x000000008871fae0} (0x8871fae0)
R12=0x0 is NULL
R13=0x000001780bf9893c is at entry_point+860 in (nmethod*)0x000001780bf98410
Compiled method (c1)    1885 1834       3       com.google.inject.spi.InjectionPoint$InjectableMember::<init> (50 bytes)
 total in heap  [0x000001780bf98410,0x000001780bf98bf8] = 2024
 relocation     [0x000001780bf98558,0x000001780bf985d0] = 120
 main code      [0x000001780bf985e0,0x000001780bf98a40] = 1120
 stub code      [0x000001780bf98a40,0x000001780bf98a98] = 88
 oops           [0x000001780bf98a98,0x000001780bf98aa0] = 8
 metadata       [0x000001780bf98aa0,0x000001780bf98ad8] = 56
 scopes data    [0x000001780bf98ad8,0x000001780bf98b30] = 88
 scopes pcs     [0x000001780bf98b30,0x000001780bf98bd0] = 160
 dependencies   [0x000001780bf98bd0,0x000001780bf98be0] = 16
 nul chk table  [0x000001780bf98be0,0x000001780bf98bf8] = 24
R14=0x000000145b2fe600 is pointing into the stack for thread: 0x0000017803b4e900
R15=0x0000017803b4e900 is a thread


Top of Stack: (sp=0x000000145b2fe600)
0x000000145b2fe600:   0000000000000001 0000000000000500
0x000000145b2fe610:   000000145b2fe650 000000008805f5c8
0x000000145b2fe620:   0000000087068b70 0000000087069940
0x000000145b2fe630:   0000000000000011 000001780c0068a0
0x000000145b2fe640:   0000000087068bf8 0000000000000202
0x000000145b2fe650:   000000145b2fe8a0 000001780bf3ee74
0x000000145b2fe660:   0000000000000000 0000000000000000
0x000000145b2fe670:   0000000081465160 00000178615aa561
0x000000145b2fe680:   000000145b2fe928 0000017803b4e900
0x000000145b2fe690:   0000000081465e38 00000000000000b6
0x000000145b2fe6a0:   000000145b2fe7b0 00007ffb993dbb5f
0x000000145b2fe6b0:   000000145b2fe8a0 000001780be4e4cc
0x000000145b2fe6c0:   00000000000003d8 0000017803b4f238
0x000000145b2fe6d0:   0000000000000000 0000000000000000
0x000000145b2fe6e0:   0000017803b4e900 00000178615aa952
0x000000145b2fe6f0:   000000145b2fe990 0000017803b4e900
0x000000145b2fe700:   0000000000000000 0000000087068b70
0x000000145b2fe710:   0000000087068b90 0000000087068ba8
0x000000145b2fe720:   0000000000000000 0000001400000000
0x000000145b2fe730:   0000000087068b58 0000000087068eb8
0x000000145b2fe740:   0000000087069360 0000002f00000015
0x000000145b2fe750:   000001786510bd60 0000000087069940
0x000000145b2fe760:   000001780000002d 000000008706a6a8
0x000000145b2fe770:   000000008706b698 000001780be5bc7c
0x000000145b2fe780:   0000000087068b58 00007ffb99443255
0x000000145b2fe790:   0000017803b4e900 000000145b2fe840
0x000000145b2fe7a0:   0000000000000000 0000000087068b70
0x000000145b2fe7b0:   000000145b2fe8a0 000001780bf6e804
0x000000145b2fe7c0:   0000000087068b70 0000000087068b38
0x000000145b2fe7d0:   0000000087068b38 000001781370ce86
0x000000145b2fe7e0:   0000000087068b58 0000000081465e38
0x000000145b2fe7f0:   000000145b2fe840 0000017861b883b0 

Instructions: (pc=0x000001780c006a40)
0x000001780c006940:   fb 00 0f 84 8d 00 00 00 48 bb 00 a3 80 61 78 01
0x000001780c006950:   00 00 8b 42 08 49 ba 00 00 00 20 78 01 00 00 49
0x000001780c006960:   03 c2 48 3b 83 20 01 00 00 75 0d 48 83 83 28 01
0x000001780c006970:   00 00 01 e9 79 00 00 00 48 3b 83 30 01 00 00 75
0x000001780c006980:   0d 48 83 83 38 01 00 00 01 e9 63 00 00 00 48 83
0x000001780c006990:   bb 20 01 00 00 00 75 17 48 89 83 20 01 00 00 48
0x000001780c0069a0:   c7 83 28 01 00 00 01 00 00 00 e9 42 00 00 00 48
0x000001780c0069b0:   83 bb 30 01 00 00 00 75 17 48 89 83 30 01 00 00
0x000001780c0069c0:   48 c7 83 38 01 00 00 01 00 00 00 e9 21 00 00 00
0x000001780c0069d0:   e9 1c 00 00 00 48 bb 00 a3 80 61 78 01 00 00 48
0x000001780c0069e0:   83 ab 10 01 00 00 01 e9 f1 04 00 00 e9 00 00 00
0x000001780c0069f0:   00 48 8b f2 48 3b 06 48 8b fe 48 bb 00 a3 80 61
0x000001780c006a00:   78 01 00 00 8b 7f 08 49 ba 00 00 00 20 78 01 00
0x000001780c006a10:   00 49 03 fa 48 3b bb 58 01 00 00 75 0d 48 83 83
0x000001780c006a20:   60 01 00 00 01 e9 60 00 00 00 48 3b bb 68 01 00
0x000001780c006a30:   00 75 0d 48 83 83 70 01 00 00 01 e9 4a 00 00 00
0x000001780c006a40:   48 82 bb 58 01 00 00 00 75 17 48 89 bb 58 01 00
0x000001780c006a50:   00 48 c7 83 60 01 00 00 01 00 00 00 e9 29 00 00
0x000001780c006a60:   00 48 83 bb 68 01 00 00 00 75 17 48 89 bb 68 01
0x000001780c006a70:   00 00 48 c7 83 70 01 00 00 01 00 00 00 e9 08 00
0x000001780c006a80:   00 00 48 83 83 48 01 00 00 01 48 8b d6 48 b8 b8
0x000001780c006a90:   57 01 20 78 01 00 00 e8 84 31 f9 ff 48 ba 00 a3
0x000001780c006aa0:   80 61 78 01 00 00 48 83 82 80 01 00 00 01 48 8b
0x000001780c006ab0:   54 24 20 4c 8b 44 24 28 4c 8b c8 0f 1f 40 00 e8
0x000001780c006ac0:   1c fb f6 ff 48 83 f8 00 48 ba 00 a3 80 61 78 01
0x000001780c006ad0:   00 00 48 be a0 01 00 00 00 00 00 00 0f 84 0a 00
0x000001780c006ae0:   00 00 48 be 90 01 00 00 00 00 00 00 48 8b 3c 32
0x000001780c006af0:   48 8d 7f 01 48 89 3c 32 0f 84 44 03 00 00 48 8b
0x000001780c006b00:   54 24 28 48 83 fa 00 75 16 48 bb 00 a3 80 61 78
0x000001780c006b10:   01 00 00 80 8b a9 01 00 00 01 e9 cc 00 00 00 48
0x000001780c006b20:   b9 f0 0d 04 20 78 01 00 00 8b 7a 08 49 ba 00 00
0x000001780c006b30:   00 20 78 01 00 00 49 03 fa 48 3b cf 0f 85 8d 00 


Stack slot to memory mapping:
stack at sp + 0 slots: 0x0000000000000001 is an unknown value
stack at sp + 1 slots: 0x0000000000000500 is an unknown value
stack at sp + 2 slots: 0x000000145b2fe650 is pointing into the stack for thread: 0x0000017803b4e900
stack at sp + 3 slots: 0x000000008805f5c8 is an oop: com.google.inject.internal.DeclaredMembers$$Lambda$55/0x0000017821090ab8 
{0x000000008805f5c8} - klass: 'com/google/inject/internal/DeclaredMembers$$Lambda$55+0x0000017821090ab8'
 - ---- fields (total size 2 words):
stack at sp + 4 slots: 0x0000000087068b70 is an oop: com.google.inject.internal.Errors 
{0x0000000087068b70} - klass: 'com/google/inject/internal/Errors'
 - ---- fields (total size 4 words):
 - private final 'root' 'Lcom/google/inject/internal/Errors;' @12  a 'com/google/inject/internal/Errors'{0x0000000087068b70} (0x87068b70)
 - private final 'parent' 'Lcom/google/inject/internal/Errors;' @16  NULL (0x00000000)
 - private final 'source' 'Ljava/lang/Object;' @20  "[unknown source]"{0x0000000081496a40} (0x81496a40)
 - private 'errors' 'Ljava/util/List;' @24  NULL (0x00000000)
stack at sp + 5 slots: 0x0000000087069940 is an oop: java.lang.reflect.Method 
{0x0000000087069940} - klass: 'java/lang/reflect/Method'
 - ---- fields (total size 11 words):
 - 'override' 'Z' @12  false (0x00)
 - volatile 'accessCheckCache' 'Ljava/lang/Object;' @16  NULL (0x00000000)
 - private synchronized transient 'parameterData' 'Ljava/lang/reflect/Executable$ParameterData;' @20  NULL (0x00000000)
 - private volatile transient 'declaredAnnotations' 'Ljava/util/Map;' @24  a 'java/util/LinkedHashMap'{0x000000008872edd8} (0x8872edd8)
 - private synchronized 'callerSensitive' 'B' @13  0 (0x00)
 - private final 'slot' 'I' @28  16 (0x00000010)
 - private final 'modifiers' 'I' @32  33 (0x00000021)
 - private final 'clazz' 'Ljava/lang/Class;' @36  a 'java/lang/Class'{0x0000000081465160} = 'org/codehaus/plexus/DefaultPlexusContainer' (0x81465160)
 - private final 'name' 'Ljava/lang/String;' @40  "setLoggerManager"{0x000000008871faa8} (0x8871faa8)
 - private final 'returnType' 'Ljava/lang/Class;' @44  a 'java/lang/Class'{0x0000000081331970} = void (0x81331970)
 - private final 'parameterTypes' '[Ljava/lang/Class;' @48  a 'java/lang/Class'[1] {0x000000008871fa90} (0x8871fa90)
 - private final 'exceptionTypes' '[Ljava/lang/Class;' @52  a 'java/lang/Class'[0] {0x0000000081331a28} (0x81331a28)
 - private final transient 'signature' 'Ljava/lang/String;' @56  NULL (0x00000000)
 - private transient 'genericInfo' 'Lsun/reflect/generics/repository/MethodRepository;' @60  NULL (0x00000000)
 - private final 'annotations' '[B' @64  [B{0x000000008871fb38} (0x8871fb38)
 - private final 'parameterAnnotations' '[B' @68  NULL (0x00000000)
 - private final 'annotationDefault' '[B' @72  NULL (0x00000000)
 - private synchronized 'methodAccessor' 'Ljdk/internal/reflect/MethodAccessor;' @76  NULL (0x00000000)
 - private 'root' 'Ljava/lang/reflect/Method;' @80  a 'java/lang/reflect/Method'{0x000000008871fae0} (0x8871fae0)
stack at sp + 6 slots: 0x0000000000000011 is an unknown value
stack at sp + 7 slots: 0x000001780c0068a0 is at entry_point+0 in (nmethod*)0x000001780c006690
Compiled method (c1)    1896 2090   !   3       com.google.inject.spi.InjectionPoint::checkForMisplacedBindingAnnotations (61 bytes)
 total in heap  [0x000001780c006690,0x000001780c007218] = 2952
 relocation     [0x000001780c0067d8,0x000001780c006890] = 184
 main code      [0x000001780c0068a0,0x000001780c006f68] = 1736
 stub code      [0x000001780c006f68,0x000001780c007000] = 152
 oops           [0x000001780c007000,0x000001780c007008] = 8
 metadata       [0x000001780c007008,0x000001780c007010] = 8
 scopes data    [0x000001780c007010,0x000001780c007090] = 128
 scopes pcs     [0x000001780c007090,0x000001780c007170] = 224
 dependencies   [0x000001780c007170,0x000001780c007178] = 8
 handler table  [0x000001780c007178,0x000001780c0071f0] = 120
 nul chk table  [0x000001780c0071f0,0x000001780c007218] = 40


Compiled method (c1)    1898 2090   !   3       com.google.inject.spi.InjectionPoint::checkForMisplacedBindingAnnotations (61 bytes)
 total in heap  [0x000001780c006690,0x000001780c007218] = 2952
 relocation     [0x000001780c0067d8,0x000001780c006890] = 184
 main code      [0x000001780c0068a0,0x000001780c006f68] = 1736
 stub code      [0x000001780c006f68,0x000001780c007000] = 152
 oops           [0x000001780c007000,0x000001780c007008] = 8
 metadata       [0x000001780c007008,0x000001780c007010] = 8
 scopes data    [0x000001780c007010,0x000001780c007090] = 128
 scopes pcs     [0x000001780c007090,0x000001780c007170] = 224
 dependencies   [0x000001780c007170,0x000001780c007178] = 8
 handler table  [0x000001780c007178,0x000001780c0071f0] = 120
 nul chk table  [0x000001780c0071f0,0x000001780c007218] = 40

[Constant Pool (empty)]

[MachCode]
[Verified Entry Point]
  # {method} {0x000001786168ac60} 'checkForMisplacedBindingAnnotations' '(Ljava/lang/reflect/Member;Lcom/google/inject/internal/Errors;)Z' in 'com/google/inject/spi/InjectionPoint'
  # parm0:    rdx:rdx   = 'java/lang/reflect/Member'
  # parm1:    r8:r8     = 'com/google/inject/internal/Errors'
  #           [sp+0x60]  (sp of caller)
  0x000001780c0068a0: 8984 2400 | 80ff ff55 | 4883 ec50 | 4181 7f20 | 0100 0000 

  0x000001780c0068b4: ;   {runtime_call StubRoutines (2)}
  0x000001780c0068b4: 7405 e8c5 | 331a 0748 | 8954 2428 

  0x000001780c0068c0: ;   {metadata(method data for {method} {0x000001786168ac60} 'checkForMisplacedBindingAnnotations' '(Ljava/lang/reflect/Member;Lcom/google/inject/internal/Errors;)Z' in 'com/google/inject/spi/InjectionPoint')}
  0x000001780c0068c0: 48be 00a3 | 8061 7801 | 0000 8bbe | cc00 0000 | 83c7 0289 | becc 0000 | 0081 e7fe | 0700 0083 
  0x000001780c0068e0: ff00 0f84 | d405 0000 | 4c89 4424 | 2048 83fa 

  0x000001780c0068f0: ;   {metadata(method data for {method} {0x000001786168ac60} 'checkForMisplacedBindingAnnotations' '(Ljava/lang/reflect/Member;Lcom/google/inject/internal/Errors;)Z' in 'com/google/inject/spi/InjectionPoint')}
  0x000001780c0068f0: 0075 1648 | bb00 a380 | 6178 0100 | 0080 8b09 | 0100 0001 | e9e8 0000 

  0x000001780c006908: ;   {metadata('java/lang/reflect/AnnotatedElement')}
  0x000001780c006908: 0048 b818 | 7500 2078 | 0100 008b | 5a08 49ba | 0000 0020 | 7801 0000 | 4903 da48 | 3b43 200f 
  0x000001780c006928: 841b 0000 | 0048 3bd8 | 0f84 1200 | 0000 5350 

  0x000001780c006938: ;   {runtime_call slow_subtype_check Runtime1 stub}
  0x000001780c006938: e843 f627 | 075b 5b83 | fb00 0f84 | 8d00 0000 

  0x000001780c006948: ;   {metadata(method data for {method} {0x000001786168ac60} 'checkForMisplacedBindingAnnotations' '(Ljava/lang/reflect/Member;Lcom/google/inject/internal/Errors;)Z' in 'com/google/inject/spi/InjectionPoint')}
  0x000001780c006948: 48bb 00a3 | 8061 7801 | 0000 8b42 | 0849 ba00 | 0000 2078 | 0100 0049 | 03c2 483b | 8320 0100 
  0x000001780c006968: 0075 0d48 | 8383 2801 | 0000 01e9 | 7900 0000 | 483b 8330 | 0100 0075 | 0d48 8383 | 3801 0000 
  0x000001780c006988: 01e9 6300 | 0000 4883 | bb20 0100 | 0000 7517 | 4889 8320 | 0100 0048 | c783 2801 | 0000 0100 
  0x000001780c0069a8: 0000 e942 | 0000 0048 | 83bb 3001 | 0000 0075 | 1748 8983 | 3001 0000 | 48c7 8338 | 0100 0001 
  0x000001780c0069c8: 0000 00e9 | 2100 0000 | e91c 0000 

  0x000001780c0069d4: ;   {metadata(method data for {method} {0x000001786168ac60} 'checkForMisplacedBindingAnnotations' '(Ljava/lang/reflect/Member;Lcom/google/inject/internal/Errors;)Z' in 'com/google/inject/spi/InjectionPoint')}
  0x000001780c0069d4: 0048 bb00 | a380 6178 | 0100 0048 | 83ab 1001 | 0000 01e9 | f104 0000 | e900 0000 | 0048 8bf2 
  0x000001780c0069f4: ; implicit exception: dispatches to 0x000001780c006ee6
  0x000001780c0069f4: 483b 0648 

  0x000001780c0069f8: ;   {metadata(method data for {method} {0x000001786168ac60} 'checkForMisplacedBindingAnnotations' '(Ljava/lang/reflect/Member;Lcom/google/inject/internal/Errors;)Z' in 'com/google/inject/spi/InjectionPoint')}
  0x000001780c0069f8: 8bfe 48bb | 00a3 8061 | 7801 0000 | 8b7f 0849 | ba00 0000 | 2078 0100 | 0049 03fa | 483b bb58 
  0x000001780c006a18: 0100 0075 | 0d48 8383 | 6001 0000 | 01e9 6000 | 0000 483b | bb68 0100 | 0075 0d48 | 8383 7001 
  0x000001780c006a38: 0000 01e9 | 4a00 0000 | 4882 bb58 | 0100 0000 | 7517 4889 | bb58 0100 | 0048 c783 | 6001 0000 
  0x000001780c006a58: 0100 0000 | e929 0000 | 0048 83bb | 6801 0000 | 0075 1748 | 89bb 6801 | 0000 48c7 | 8370 0100 
  0x000001780c006a78: 0001 0000 | 00e9 0800 | 0000 4883 | 8348 0100 | 0001 488b | d648 b8b8 | 5701 2078 

  0x000001780c006a94: ;   {virtual_call}
  0x000001780c006a94: 0100 00e8 

  0x000001780c006a98: ; ImmutableOopMap {[32]=Oop [40]=Oop }
                      ;*invokeinterface getAnnotations {reexecute=0 rethrow=0 return_oop=0}
                      ; - com.google.inject.spi.InjectionPoint::checkForMisplacedBindingAnnotations@6 (line 456)
  0x000001780c006a98: 8431 f9ff 

  0x000001780c006a9c: ;   {metadata(method data for {method} {0x000001786168ac60} 'checkForMisplacedBindingAnnotations' '(Ljava/lang/reflect/Member;Lcom/google/inject/internal/Errors;)Z' in 'com/google/inject/spi/InjectionPoint')}
  0x000001780c006a9c: 48ba 00a3 | 8061 7801 | 0000 4883 | 8280 0100 | 0001 488b | 5424 204c | 8b44 2428 | 4c8b c80f 
  0x000001780c006abc: ;   {static_call}
  0x000001780c006abc: 1f40 00e8 

  0x000001780c006ac0: ; ImmutableOopMap {[32]=Oop [40]=Oop }
                      ;*invokestatic findBindingAnnotation {reexecute=0 rethrow=0 return_oop=0}
                      ; - com.google.inject.spi.InjectionPoint::checkForMisplacedBindingAnnotations@11 (line 455)
  0x000001780c006ac0: 1cfb f6ff | 4883 f800 

  0x000001780c006ac8: ;   {metadata(method data for {method} {0x000001786168ac60} 'checkForMisplacedBindingAnnotations' '(Ljava/lang/reflect/Member;Lcom/google/inject/internal/Errors;)Z' in 'com/google/inject/spi/InjectionPoint')}
  0x000001780c006ac8: 48ba 00a3 | 8061 7801 | 0000 48be | a001 0000 | 0000 0000 | 0f84 0a00 | 0000 48be | 9001 0000 
  0x000001780c006ae8: 0000 0000 | 488b 3c32 | 488d 7f01 | 4889 3c32 | 0f84 4403 | 0000 488b | 5424 2848 | 83fa 0075 
  0x000001780c006b08: ;   {metadata(method data for {method} {0x000001786168ac60} 'checkForMisplacedBindingAnnotations' '(Ljava/lang/reflect/Member;Lcom/google/inject/internal/Errors;)Z' in 'com/google/inject/spi/InjectionPoint')}
  0x000001780c006b08: 1648 bb00 | a380 6178 | 0100 0080 | 8ba9 0100 | 0001 e9cc 

  0x000001780c006b1c: ;   {metadata('java/lang/reflect/Method')}
  0x000001780c006b1c: 0000 0048 | b9f0 0d04 | 2078 0100 | 008b 7a08 | 49ba 0000 | 0020 7801 | 0000 4903 | fa48 3bcf 
  0x000001780c006b3c: 0f85 8d00 

  0x000001780c006b40: ;   {metadata(method data for {method} {0x000001786168ac60} 'checkForMisplacedBindingAnnotations' '(Ljava/lang/reflect/Member;Lcom/google/inject/internal/Errors;)Z' in 'com/google/inject/spi/InjectionPoint')}
  0x000001780c006b40: 0000 48bb | 00a3 8061 | 7801 0000 | 8b4a 0849 | ba00 0000 | 2078 0100 | 0049 03ca | 483b 8bc0 
  0x000001780c006b60: 0100 0075 | 0d48 8383 | c801 0000 | 01e9 7e00 | 0000 483b | 8bd0 0100 | 0075 0d48 | 8383 d801 
  0x000001780c006b80: 0000 01e9 | 6800 0000 | 4883 bbc0 | 0100 0000 | 7517 4889 | 8bc0 0100 | 0048 c783 | c801 0000 
  0x000001780c006ba0: 0100 0000 | e947 0000 | 0048 83bb | d001 0000 | 0075 1748 | 898b d001 | 0000 48c7 | 83d8 0100 
  0x000001780c006bc0: 0001 0000 | 00e9 2600 | 0000 e921 

  0x000001780c006bcc: ;   {metadata(method data for {method} {0x000001786168ac60} 'checkForMisplacedBindingAnnotations' '(Ljava/lang/reflect/Member;Lcom/google/inject/internal/Errors;)Z' in 'com/google/inject/spi/InjectionPoint')}
  0x000001780c006bcc: 0000 0048 | bb00 a380 | 6178 0100 | 0048 83ab | b001 0000 | 01e9 0500 | 0000 e905 | 0000 0048 
  0x000001780c006bec: 33f6 eb0a | 48be 0100 | 0000 0000 | 0000 83fe 

  0x000001780c006bfc: ;   {metadata(method data for {method} {0x000001786168ac60} 'checkForMisplacedBindingAnnotations' '(Ljava/lang/reflect/Member;Lcom/google/inject/internal/Errors;)Z' in 'com/google/inject/spi/InjectionPoint')}
  0x000001780c006bfc: 0048 be00 | a380 6178 | 0100 0048 | bff8 0100 | 0000 0000 | 000f 850a | 0000 0048 | bfe8 0100 
  0x000001780c006c1c: 0000 0000 | 0048 8b1c | 3e48 8d5b | 0148 891c | 3e0f 850d | 0000 004c | 8bc2 488b | 5424 20e9 
  0x000001780c006c3c: 4402 0000 | 4889 4424 | 3048 3b02 

  0x000001780c006c48: ;   {metadata(method data for {method} {0x000001786168ac60} 'checkForMisplacedBindingAnnotations' '(Ljava/lang/reflect/Member;Lcom/google/inject/internal/Errors;)Z' in 'com/google/inject/spi/InjectionPoint')}
  0x000001780c006c48: 488b f248 | bf00 a380 | 6178 0100 | 008b 7608 | 49ba 0000 | 0020 7801 | 0000 4903 | f248 3bb7 
  0x000001780c006c68: 1802 0000 | 750d 4883 | 8720 0200 | 0001 e960 | 0000 0048 | 3bb7 2802 | 0000 750d | 4883 8730 
  0x000001780c006c88: 0200 0001 | e94a 0000 | 0048 83bf | 1802 0000 | 0075 1748 | 89b7 1802 | 0000 48c7 | 8720 0200 
  0x000001780c006ca8: 0001 0000 | 00e9 2900 | 0000 4883 | bf28 0200 | 0000 7517 | 4889 b728 | 0200 0048 | c787 3002 
  0x000001780c006cc8: 0000 0100 | 0000 e908 | 0000 0048 | 8387 0802 | 0000 0148 | 8bf2 488b | d60f 1f40 | 0048 b8ff 
  0x000001780c006ce8: ffff ffff 

  0x000001780c006cec: ;   {virtual_call}
  0x000001780c006cec: ffff ffe8 

  0x000001780c006cf0: ; ImmutableOopMap {[32]=Oop [40]=Oop [48]=Oop }
                      ;*invokeinterface getDeclaringClass {reexecute=0 rethrow=0 return_oop=0}
                      ; - com.google.inject.spi.InjectionPoint::checkForMisplacedBindingAnnotations@29 (line 465)
  0x000001780c006cf0: 0cd7 1b07 | 488b 5424 

  0x000001780c006cf8: ;   {metadata(method data for {method} {0x000001786168ac60} 'checkForMisplacedBindingAnnotations' '(Ljava/lang/reflect/Member;Lcom/google/inject/internal/Errors;)Z' in 'com/google/inject/spi/InjectionPoint')}
  0x000001780c006cf8: 2848 be00 | a380 6178 | 0100 008b | 5208 49ba | 0000 0020 | 7801 0000 | 4903 d248 | 3b96 5002 
  0x000001780c006d18: 0000 750d | 4883 8658 | 0200 0001 | e960 0000 | 0048 3b96 | 6002 0000 | 750d 4883 | 8668 0200 
  0x000001780c006d38: 0001 e94a | 0000 0048 | 83be 5002 | 0000 0075 | 1748 8996 | 5002 0000 | 48c7 8658 | 0200 0001 
  0x000001780c006d58: 0000 00e9 | 2900 0000 | 4883 be60 | 0200 0000 | 7517 4889 | 9660 0200 | 0048 c786 | 6802 0000 
  0x000001780c006d78: 0100 0000 | e908 0000 | 0048 8386 | 4002 0000 | 0148 8b54 | 2428 4889 | 4424 3866 | 9048 b8ff 
  0x000001780c006d98: ffff ffff 

  0x000001780c006d9c: ;   {virtual_call}
  0x000001780c006d9c: ffff ffe8 

  0x000001780c006da0: ; ImmutableOopMap {[32]=Oop [40]=Oop [48]=Oop [56]=Oop }
                      ;*invokeinterface getName {reexecute=0 rethrow=0 return_oop=0}
                      ; - com.google.inject.spi.InjectionPoint::checkForMisplacedBindingAnnotations@35 (line 465)
  0x000001780c006da0: 5cd6 1b07 | 488b 5424 | 3848 3b02 

  0x000001780c006dac: ;   {metadata(method data for {method} {0x000001786168ac60} 'checkForMisplacedBindingAnnotations' '(Ljava/lang/reflect/Member;Lcom/google/inject/internal/Errors;)Z' in 'com/google/inject/spi/InjectionPoint')}
  0x000001780c006dac: 4c8b c248 | be00 a380 | 6178 0100 | 0048 8386 | 7802 0000 | 014c 8bc0 

  0x000001780c006dc4: ;   {optimized virtual_call}
  0x000001780c006dc4: 6666 90e8 

  0x000001780c006dc8: ; ImmutableOopMap {[32]=Oop [40]=Oop [48]=Oop }
                      ;*invokevirtual getDeclaredField {reexecute=0 rethrow=0 return_oop=0}
                      ; - com.google.inject.spi.InjectionPoint::checkForMisplacedBindingAnnotations@40 (line 465)
  0x000001780c006dc8: 34d3 1b07 | 4883 f800 

  0x000001780c006dd0: ;   {metadata(method data for {method} {0x000001786168ac60} 'checkForMisplacedBindingAnnotations' '(Ljava/lang/reflect/Member;Lcom/google/inject/internal/Errors;)Z' in 'com/google/inject/spi/InjectionPoint')}
  0x000001780c006dd0: 48b8 00a3 | 8061 7801 | 0000 49b8 | b002 0000 | 0000 0000 | 0f84 0a00 | 0000 49b8 | c002 0000 
  0x000001780c006df0: 0000 0000 | 4e8b 0c00 | 4d8d 4901 | 4e89 0c00 | 0f84 1800 | 0000 b800 | 0000 0048 | 83c4 505d 
  0x000001780c006e10: ;   {poll_return}
  0x000001780c006e10: 493b a778 | 0300 000f | 87d8 0000 

  0x000001780c006e1c: ;   {metadata(method data for {method} {0x000001786168ac60} 'checkForMisplacedBindingAnnotations' '(Ljava/lang/reflect/Member;Lcom/google/inject/internal/Errors;)Z' in 'com/google/inject/spi/InjectionPoint')}
  0x000001780c006e1c: 00c3 48b8 | 00a3 8061 | 7801 0000 | ff80 d002 | 0000 488b | 4424 3048 | 8b54 2420 | 4c8b 4424 
  0x000001780c006e3c: 28e9 4200 | 0000 b800 | 0000 0048 | 83c4 505d 

  0x000001780c006e4c: ;   {poll_return}
  0x000001780c006e4c: 493b a778 | 0300 000f | 87b2 0000 | 00c3 498b | 8728 0400 | 004d 33d2 | 4d89 9728 | 0400 004d 
  0x000001780c006e6c: 33d2 4d89 | 9730 0400 | 0048 8b44 | 2430 488b | 5424 204c | 8b44 2428 

  0x000001780c006e84: ; implicit exception: dispatches to 0x000001780c006f21
  0x000001780c006e84: 483b 024c 

  0x000001780c006e88: ;   {metadata(method data for {method} {0x000001786168ac60} 'checkForMisplacedBindingAnnotations' '(Ljava/lang/reflect/Member;Lcom/google/inject/internal/Errors;)Z' in 'com/google/inject/spi/InjectionPoint')}
  0x000001780c006e88: 8bca 48be | 00a3 8061 | 7801 0000 | 4883 86e8 | 0200 0001 

  0x000001780c006e9c: ;   {optimized virtual_call}
  0x000001780c006e9c: 4c8b c8e8 

  0x000001780c006ea0: ; ImmutableOopMap {}
                      ;*invokevirtual misplacedBindingAnnotation {reexecute=0 rethrow=0 return_oop=0}
                      ; - com.google.inject.spi.InjectionPoint::checkForMisplacedBindingAnnotations@55 (line 472)
  0x000001780c006ea0: 5cd2 1b07 | b801 0000 | 0048 83c4 

  0x000001780c006eac: ;   {poll_return}
  0x000001780c006eac: 505d 493b | a778 0300 | 000f 876b | 0000 00c3 

  0x000001780c006ebc: ;   {metadata({method} {0x000001786168ac60} 'checkForMisplacedBindingAnnotations' '(Ljava/lang/reflect/Member;Lcom/google/inject/internal/Errors;)Z' in 'com/google/inject/spi/InjectionPoint')}
  0x000001780c006ebc: 49ba 58ac | 6861 7801 | 0000 4c89 | 5424 0848 | c704 24ff 

  0x000001780c006ed0: ;   {runtime_call counter_overflow Runtime1 stub}
  0x000001780c006ed0: ffff ffe8 

  0x000001780c006ed4: ; ImmutableOopMap {rdx=Oop r8=Oop [40]=Oop }
                      ;*synchronization entry
                      ; - com.google.inject.spi.InjectionPoint::checkForMisplacedBindingAnnotations@-1 (line 454)
  0x000001780c006ed4: 2822 2807 | e90b faff | ff48 8914 

  0x000001780c006ee0: ;   {runtime_call throw_class_cast_exception Runtime1 stub}
  0x000001780c006ee0: 24e8 1ae6 

  0x000001780c006ee4: ; ImmutableOopMap {rdx=Oop [32]=Oop [40]=Oop }
                      ;*checkcast {reexecute=0 rethrow=0 return_oop=0}
                      ; - com.google.inject.spi.InjectionPoint::checkForMisplacedBindingAnnotations@3 (line 454)
                      ;   {runtime_call throw_null_pointer_exception Runtime1 stub}
  0x000001780c006ee4: 2707 e895 

  0x000001780c006ee8: ; ImmutableOopMap {rdx=Oop rsi=Oop [32]=Oop [40]=Oop }
                      ;*invokeinterface getAnnotations {reexecute=0 rethrow=0 return_oop=0}
                      ; - com.google.inject.spi.InjectionPoint::checkForMisplacedBindingAnnotations@6 (line 456)
                      ;   {runtime_call throw_null_pointer_exception Runtime1 stub}
  0x000001780c006ee8: bd27 07e8 

  0x000001780c006eec: ; ImmutableOopMap {rdx=Oop [32]=Oop [40]=Oop [48]=Oop }
                      ;*invokeinterface getDeclaringClass {reexecute=0 rethrow=0 return_oop=0}
                      ; - com.google.inject.spi.InjectionPoint::checkForMisplacedBindingAnnotations@29 (line 465)
  0x000001780c006eec: 90bd 2707 

  0x000001780c006ef0: ;   {runtime_call throw_null_pointer_exception Runtime1 stub}
  0x000001780c006ef0: e88b bd27 

  0x000001780c006ef4: ; ImmutableOopMap {rax=Oop rdx=Oop [32]=Oop [40]=Oop [48]=Oop }
                      ;*invokevirtual getDeclaredField {reexecute=0 rethrow=0 return_oop=0}
                      ; - com.google.inject.spi.InjectionPoint::checkForMisplacedBindingAnnotations@40 (line 465)
                      ;   {internal_word}
  0x000001780c006ef4: 0749 ba10 | 6e00 0c78 | 0100 004d | 8997 9003 

  0x000001780c006f04: ;   {runtime_call SafepointBlob}
  0x000001780c006f04: 0000 e975 

  0x000001780c006f08: ;   {internal_word}
  0x000001780c006f08: 3e1c 0749 | ba4c 6e00 | 0c78 0100 | 004d 8997 | 9003 0000 

  0x000001780c006f1c: ;   {runtime_call SafepointBlob}
  0x000001780c006f1c: e95f 3e1c 

  0x000001780c006f20: ;   {runtime_call throw_null_pointer_exception Runtime1 stub}
  0x000001780c006f20: 07e8 5abd 

  0x000001780c006f24: ; ImmutableOopMap {rdx=Oop r8=Oop rax=Oop [40]=Oop }
                      ;*invokevirtual misplacedBindingAnnotation {reexecute=0 rethrow=0 return_oop=0}
                      ; - com.google.inject.spi.InjectionPoint::checkForMisplacedBindingAnnotations@55 (line 472)
                      ;   {internal_word}
  0x000001780c006f24: 2707 49ba | ae6e 000c | 7801 0000 | 4d89 9790 

  0x000001780c006f34: ;   {runtime_call SafepointBlob}
  0x000001780c006f34: 0300 00e9 | 443e 1c07 | 498b 8728 | 0400 0049 | c787 2804 | 0000 0000 | 0000 49c7 | 8730 0400 
  0x000001780c006f54: 0000 0000 | 0048 83c4 

  0x000001780c006f5c: ;   {runtime_call unwind_exception Runtime1 stub}
  0x000001780c006f5c: 505d e91d | 8f27 07f4 | f4f4 f4f4 
[Stub Code]
  0x000001780c006f68: ;   {no_reloc}
  0x000001780c006f68: 0f1f 4400 

  0x000001780c006f6c: ;   {static_stub}
  0x000001780c006f6c: 0048 bb00 | 0000 0000 

  0x000001780c006f74: ;   {runtime_call}
  0x000001780c006f74: 0000 00e9 | fbff ffff 

  0x000001780c006f7c: ;   {static_stub}
  0x000001780c006f7c: 9048 bb00 | 0000 0000 

  0x000001780c006f84: ;   {runtime_call}
  0x000001780c006f84: 0000 00e9 | fbff ffff 

  0x000001780c006f8c: ;   {static_stub}
  0x000001780c006f8c: 9048 bb00 | 0000 0000 

  0x000001780c006f94: ;   {runtime_call}
  0x000001780c006f94: 0000 00e9 | fbff ffff 
[Exception Handler]
  0x000001780c006f9c: ;   {runtime_call handle_exception_from_callee Runtime1 stub}
  0x000001780c006f9c: e85f df27 

  0x000001780c006fa0: ;   {external_word}
  0x000001780c006fa0: 0748 b9b0 | 3395 99fb | 7f00 0048 

  0x000001780c006fac: ;   {runtime_call}
  0x000001780c006fac: 83e4 f048 | b860 1d61 | 99fb 7f00 | 00ff d0f4 
[Deopt Handler Code]
  0x000001780c006fbc: ;   {section_word}
  0x000001780c006fbc: 49ba bc6f | 000c 7801 | 0000 4152 

  0x000001780c006fc8: ;   {runtime_call DeoptimizationBlob}
  0x000001780c006fc8: e953 301c 

  0x000001780c006fcc: ;   {static_stub}
  0x000001780c006fcc: 0748 bb00 | 0000 0000 

  0x000001780c006fd4: ;   {runtime_call}
  0x000001780c006fd4: 0000 00e9 | fbff ffff 

  0x000001780c006fdc: ;   {static_stub}
  0x000001780c006fdc: 48bb 0000 | 0000 0000 

  0x000001780c006fe4: ;   {runtime_call}
  0x000001780c006fe4: 0000 e9fb 

  0x000001780c006fe8: ;   {static_stub}
  0x000001780c006fe8: ffff ff48 | bb00 0000 | 0000 0000 

  0x000001780c006ff4: ;   {runtime_call}
  0x000001780c006ff4: 00e9 fbff | ffff f4f4 | f4f4 f4f4 
[/MachCode]


---------------  P R O C E S S  ---------------

Threads class SMR info:
_java_thread_list=0x00000178660c1df0, length=11, elements={
0x0000017803b4e900, 0x000001781fcafa50, 0x000001781fcb08f0, 0x000001781fcb3b40,
0x000001781fcb75a0, 0x000001781fcb8220, 0x000001781fcbe880, 0x000001781fcc2860,
0x000001781fcc3380, 0x00000178650e0a10, 0x00000178650eb710
}

Java Threads: ( => current thread )
=>0x0000017803b4e900 JavaThread "main" [_thread_in_Java, id=7440, stack(0x000000145b200000,0x000000145b300000)]
  0x000001781fcafa50 JavaThread "Reference Handler" daemon [_thread_blocked, id=9604, stack(0x000000145b900000,0x000000145ba00000)]
  0x000001781fcb08f0 JavaThread "Finalizer" daemon [_thread_blocked, id=5748, stack(0x000000145ba00000,0x000000145bb00000)]
  0x000001781fcb3b40 JavaThread "Signal Dispatcher" daemon [_thread_blocked, id=4968, stack(0x000000145bb00000,0x000000145bc00000)]
  0x000001781fcb75a0 JavaThread "Attach Listener" daemon [_thread_blocked, id=1000, stack(0x000000145bc00000,0x000000145bd00000)]
  0x000001781fcb8220 JavaThread "Service Thread" daemon [_thread_blocked, id=3504, stack(0x000000145bd00000,0x000000145be00000)]
  0x000001781fcbe880 JavaThread "Monitor Deflation Thread" daemon [_thread_blocked, id=9196, stack(0x000000145be00000,0x000000145bf00000)]
  0x000001781fcc2860 JavaThread "C2 CompilerThread0" daemon [_thread_blocked, id=11444, stack(0x000000145bf00000,0x000000145c000000)]
  0x000001781fcc3380 JavaThread "C1 CompilerThread0" daemon [_thread_blocked, id=11024, stack(0x000000145c000000,0x000000145c100000)]
  0x00000178650e0a10 JavaThread "Notification Thread" daemon [_thread_blocked, id=7748, stack(0x000000145c100000,0x000000145c200000)]
  0x00000178650eb710 JavaThread "Common-Cleaner" daemon [_thread_blocked, id=11448, stack(0x000000145c300000,0x000000145c400000)]

Other Threads:
  0x000001781fc91830 VMThread "VM Thread" [stack: 0x000000145b800000,0x000000145b900000] [id=10472]
  0x00000178650e47a0 WatcherThread "VM Periodic Task Thread" [stack: 0x000000145c200000,0x000000145c300000] [id=12076]
  0x0000017803baaf40 WorkerThread "GC Thread#0" [stack: 0x000000145b300000,0x000000145b400000] [id=4536]
  0x00000178657b1db0 WorkerThread "GC Thread#1" [stack: 0x000000145c500000,0x000000145c600000] [id=6560]
  0x0000017865c233e0 WorkerThread "GC Thread#2" [stack: 0x000000145c600000,0x000000145c700000] [id=5560]
  0x0000017865c23eb0 WorkerThread "GC Thread#3" [stack: 0x000000145c700000,0x000000145c800000] [id=5732]
  0x0000017803bbbdb0 ConcurrentGCThread "G1 Main Marker" [stack: 0x000000145b400000,0x000000145b500000] [id=6764]
  0x0000017803bbdf90 WorkerThread "G1 Conc#0" [stack: 0x000000145b500000,0x000000145b600000] [id=7996]
  0x000001781fb420b0 ConcurrentGCThread "G1 Refine#0" [stack: 0x000000145b600000,0x000000145b700000] [id=9436]
  0x000001781fb42b50 ConcurrentGCThread "G1 Service" [stack: 0x000000145b700000,0x000000145b800000] [id=7696]

Threads with active compile tasks:

VM state: not at safepoint (normal execution)

VM Mutex/Monitor currently owned by a thread: None

Heap address: 0x0000000081200000, size: 2030 MB, Compressed Oops mode: 32-bit

CDS archive(s) mapped at: [0x0000017820000000-0x0000017820c60000-0x0000017820c60000), size 12976128, SharedBaseAddress: 0x0000017820000000, ArchiveRelocationMode: 1.
Compressed class space mapped at: 0x0000017821000000-0x0000017861000000, reserved size: 1073741824
Narrow klass base: 0x0000017820000000, Narrow klass shift: 0, Narrow klass range: 0x100000000

GC Precious Log:
 CardTable entry size: 512
 Card Set container configuration: InlinePtr #cards 5 size 8 Array Of Cards #cards 12 size 40 Howl #buckets 4 coarsen threshold 1843 Howl Bitmap #cards 512 size 80 coarsen threshold 460 Card regions per heap region 1 cards per card region 2048
 CPUs: 4 total, 4 available
 Memory: 8112M
 Large Page Support: Disabled
 NUMA Support: Disabled
 Compressed Oops: Enabled (32-bit)
 Heap Region Size: 1M
 Heap Min Capacity: 8M
 Heap Initial Capacity: 128M
 Heap Max Capacity: 2030M
 Pre-touch: Disabled
 Parallel Workers: 4
 Concurrent Workers: 1
 Concurrent Refinement Workers: 4
 Periodic GC: Disabled

Heap:
 garbage-first heap   total 131072K, used 35895K [0x0000000081200000, 0x0000000100000000)
  region size 1024K, 34 young (34816K), 1 survivors (1024K)
 Metaspace       used 11507K, committed 11776K, reserved 1114112K
  class space    used 1391K, committed 1536K, reserved 1048576K

Heap Regions: E=young(eden), S=young(survivor), O=old, HS=humongous(starts), HC=humongous(continues), CS=collection set, F=free, OA=open archive, CA=closed archive, TAMS=top-at-mark-start, PB=parsable bottom
|   0|0x0000000081200000, 0x0000000081300000, 0x0000000081300000|100%| O|  |TAMS 0x0000000081200000| PB 0x0000000081200000| Untracked 
|   1|0x0000000081300000, 0x0000000081400000, 0x0000000081400000|100%| O|  |TAMS 0x0000000081300000| PB 0x0000000081300000| Untracked 
|   2|0x0000000081400000, 0x0000000081500000, 0x0000000081500000|100%| O|  |TAMS 0x0000000081400000| PB 0x0000000081400000| Untracked 
|   3|0x0000000081500000, 0x0000000081544000, 0x0000000081600000| 26%| O|  |TAMS 0x0000000081500000| PB 0x0000000081500000| Untracked 
|   4|0x0000000081600000, 0x0000000081600000, 0x0000000081700000|  0%| F|  |TAMS 0x0000000081600000| PB 0x0000000081600000| Untracked 
|   5|0x0000000081700000, 0x0000000081700000, 0x0000000081800000|  0%| F|  |TAMS 0x0000000081700000| PB 0x0000000081700000| Untracked 
|   6|0x0000000081800000, 0x0000000081800000, 0x0000000081900000|  0%| F|  |TAMS 0x0000000081800000| PB 0x0000000081800000| Untracked 
|   7|0x0000000081900000, 0x0000000081900000, 0x0000000081a00000|  0%| F|  |TAMS 0x0000000081900000| PB 0x0000000081900000| Untracked 
|   8|0x0000000081a00000, 0x0000000081a00000, 0x0000000081b00000|  0%| F|  |TAMS 0x0000000081a00000| PB 0x0000000081a00000| Untracked 
|   9|0x0000000081b00000, 0x0000000081b00000, 0x0000000081c00000|  0%| F|  |TAMS 0x0000000081b00000| PB 0x0000000081b00000| Untracked 
|  10|0x0000000081c00000, 0x0000000081c00000, 0x0000000081d00000|  0%| F|  |TAMS 0x0000000081c00000| PB 0x0000000081c00000| Untracked 
|  11|0x0000000081d00000, 0x0000000081d00000, 0x0000000081e00000|  0%| F|  |TAMS 0x0000000081d00000| PB 0x0000000081d00000| Untracked 
|  12|0x0000000081e00000, 0x0000000081e00000, 0x0000000081f00000|  0%| F|  |TAMS 0x0000000081e00000| PB 0x0000000081e00000| Untracked 
|  13|0x0000000081f00000, 0x0000000081f00000, 0x0000000082000000|  0%| F|  |TAMS 0x0000000081f00000| PB 0x0000000081f00000| Untracked 
|  14|0x0000000082000000, 0x0000000082000000, 0x0000000082100000|  0%| F|  |TAMS 0x0000000082000000| PB 0x0000000082000000| Untracked 
|  15|0x0000000082100000, 0x0000000082100000, 0x0000000082200000|  0%| F|  |TAMS 0x0000000082100000| PB 0x0000000082100000| Untracked 
|  16|0x0000000082200000, 0x0000000082200000, 0x0000000082300000|  0%| F|  |TAMS 0x0000000082200000| PB 0x0000000082200000| Untracked 
|  17|0x0000000082300000, 0x0000000082300000, 0x0000000082400000|  0%| F|  |TAMS 0x0000000082300000| PB 0x0000000082300000| Untracked 
|  18|0x0000000082400000, 0x0000000082400000, 0x0000000082500000|  0%| F|  |TAMS 0x0000000082400000| PB 0x0000000082400000| Untracked 
|  19|0x0000000082500000, 0x0000000082500000, 0x0000000082600000|  0%| F|  |TAMS 0x0000000082500000| PB 0x0000000082500000| Untracked 
|  20|0x0000000082600000, 0x0000000082600000, 0x0000000082700000|  0%| F|  |TAMS 0x0000000082600000| PB 0x0000000082600000| Untracked 
|  21|0x0000000082700000, 0x0000000082700000, 0x0000000082800000|  0%| F|  |TAMS 0x0000000082700000| PB 0x0000000082700000| Untracked 
|  22|0x0000000082800000, 0x0000000082800000, 0x0000000082900000|  0%| F|  |TAMS 0x0000000082800000| PB 0x0000000082800000| Untracked 
|  23|0x0000000082900000, 0x0000000082900000, 0x0000000082a00000|  0%| F|  |TAMS 0x0000000082900000| PB 0x0000000082900000| Untracked 
|  24|0x0000000082a00000, 0x0000000082a00000, 0x0000000082b00000|  0%| F|  |TAMS 0x0000000082a00000| PB 0x0000000082a00000| Untracked 
|  25|0x0000000082b00000, 0x0000000082b00000, 0x0000000082c00000|  0%| F|  |TAMS 0x0000000082b00000| PB 0x0000000082b00000| Untracked 
|  26|0x0000000082c00000, 0x0000000082c00000, 0x0000000082d00000|  0%| F|  |TAMS 0x0000000082c00000| PB 0x0000000082c00000| Untracked 
|  27|0x0000000082d00000, 0x0000000082d00000, 0x0000000082e00000|  0%| F|  |TAMS 0x0000000082d00000| PB 0x0000000082d00000| Untracked 
|  28|0x0000000082e00000, 0x0000000082e00000, 0x0000000082f00000|  0%| F|  |TAMS 0x0000000082e00000| PB 0x0000000082e00000| Untracked 
|  29|0x0000000082f00000, 0x0000000082f00000, 0x0000000083000000|  0%| F|  |TAMS 0x0000000082f00000| PB 0x0000000082f00000| Untracked 
|  30|0x0000000083000000, 0x0000000083000000, 0x0000000083100000|  0%| F|  |TAMS 0x0000000083000000| PB 0x0000000083000000| Untracked 
|  31|0x0000000083100000, 0x0000000083100000, 0x0000000083200000|  0%| F|  |TAMS 0x0000000083100000| PB 0x0000000083100000| Untracked 
|  32|0x0000000083200000, 0x0000000083200000, 0x0000000083300000|  0%| F|  |TAMS 0x0000000083200000| PB 0x0000000083200000| Untracked 
|  33|0x0000000083300000, 0x0000000083300000, 0x0000000083400000|  0%| F|  |TAMS 0x0000000083300000| PB 0x0000000083300000| Untracked 
|  34|0x0000000083400000, 0x0000000083400000, 0x0000000083500000|  0%| F|  |TAMS 0x0000000083400000| PB 0x0000000083400000| Untracked 
|  35|0x0000000083500000, 0x0000000083500000, 0x0000000083600000|  0%| F|  |TAMS 0x0000000083500000| PB 0x0000000083500000| Untracked 
|  36|0x0000000083600000, 0x0000000083600000, 0x0000000083700000|  0%| F|  |TAMS 0x0000000083600000| PB 0x0000000083600000| Untracked 
|  37|0x0000000083700000, 0x0000000083700000, 0x0000000083800000|  0%| F|  |TAMS 0x0000000083700000| PB 0x0000000083700000| Untracked 
|  38|0x0000000083800000, 0x0000000083800000, 0x0000000083900000|  0%| F|  |TAMS 0x0000000083800000| PB 0x0000000083800000| Untracked 
|  39|0x0000000083900000, 0x0000000083900000, 0x0000000083a00000|  0%| F|  |TAMS 0x0000000083900000| PB 0x0000000083900000| Untracked 
|  40|0x0000000083a00000, 0x0000000083a00000, 0x0000000083b00000|  0%| F|  |TAMS 0x0000000083a00000| PB 0x0000000083a00000| Untracked 
|  41|0x0000000083b00000, 0x0000000083b00000, 0x0000000083c00000|  0%| F|  |TAMS 0x0000000083b00000| PB 0x0000000083b00000| Untracked 
|  42|0x0000000083c00000, 0x0000000083c00000, 0x0000000083d00000|  0%| F|  |TAMS 0x0000000083c00000| PB 0x0000000083c00000| Untracked 
|  43|0x0000000083d00000, 0x0000000083d00000, 0x0000000083e00000|  0%| F|  |TAMS 0x0000000083d00000| PB 0x0000000083d00000| Untracked 
|  44|0x0000000083e00000, 0x0000000083e00000, 0x0000000083f00000|  0%| F|  |TAMS 0x0000000083e00000| PB 0x0000000083e00000| Untracked 
|  45|0x0000000083f00000, 0x0000000083f00000, 0x0000000084000000|  0%| F|  |TAMS 0x0000000083f00000| PB 0x0000000083f00000| Untracked 
|  46|0x0000000084000000, 0x0000000084000000, 0x0000000084100000|  0%| F|  |TAMS 0x0000000084000000| PB 0x0000000084000000| Untracked 
|  47|0x0000000084100000, 0x0000000084100000, 0x0000000084200000|  0%| F|  |TAMS 0x0000000084100000| PB 0x0000000084100000| Untracked 
|  48|0x0000000084200000, 0x0000000084200000, 0x0000000084300000|  0%| F|  |TAMS 0x0000000084200000| PB 0x0000000084200000| Untracked 
|  49|0x0000000084300000, 0x0000000084300000, 0x0000000084400000|  0%| F|  |TAMS 0x0000000084300000| PB 0x0000000084300000| Untracked 
|  50|0x0000000084400000, 0x0000000084400000, 0x0000000084500000|  0%| F|  |TAMS 0x0000000084400000| PB 0x0000000084400000| Untracked 
|  51|0x0000000084500000, 0x0000000084500000, 0x0000000084600000|  0%| F|  |TAMS 0x0000000084500000| PB 0x0000000084500000| Untracked 
|  52|0x0000000084600000, 0x0000000084600000, 0x0000000084700000|  0%| F|  |TAMS 0x0000000084600000| PB 0x0000000084600000| Untracked 
|  53|0x0000000084700000, 0x0000000084700000, 0x0000000084800000|  0%| F|  |TAMS 0x0000000084700000| PB 0x0000000084700000| Untracked 
|  54|0x0000000084800000, 0x0000000084800000, 0x0000000084900000|  0%| F|  |TAMS 0x0000000084800000| PB 0x0000000084800000| Untracked 
|  55|0x0000000084900000, 0x0000000084900000, 0x0000000084a00000|  0%| F|  |TAMS 0x0000000084900000| PB 0x0000000084900000| Untracked 
|  56|0x0000000084a00000, 0x0000000084a00000, 0x0000000084b00000|  0%| F|  |TAMS 0x0000000084a00000| PB 0x0000000084a00000| Untracked 
|  57|0x0000000084b00000, 0x0000000084b00000, 0x0000000084c00000|  0%| F|  |TAMS 0x0000000084b00000| PB 0x0000000084b00000| Untracked 
|  58|0x0000000084c00000, 0x0000000084c00000, 0x0000000084d00000|  0%| F|  |TAMS 0x0000000084c00000| PB 0x0000000084c00000| Untracked 
|  59|0x0000000084d00000, 0x0000000084d00000, 0x0000000084e00000|  0%| F|  |TAMS 0x0000000084d00000| PB 0x0000000084d00000| Untracked 
|  60|0x0000000084e00000, 0x0000000084e00000, 0x0000000084f00000|  0%| F|  |TAMS 0x0000000084e00000| PB 0x0000000084e00000| Untracked 
|  61|0x0000000084f00000, 0x0000000084f00000, 0x0000000085000000|  0%| F|  |TAMS 0x0000000084f00000| PB 0x0000000084f00000| Untracked 
|  62|0x0000000085000000, 0x0000000085000000, 0x0000000085100000|  0%| F|  |TAMS 0x0000000085000000| PB 0x0000000085000000| Untracked 
|  63|0x0000000085100000, 0x0000000085100000, 0x0000000085200000|  0%| F|  |TAMS 0x0000000085100000| PB 0x0000000085100000| Untracked 
|  64|0x0000000085200000, 0x0000000085200000, 0x0000000085300000|  0%| F|  |TAMS 0x0000000085200000| PB 0x0000000085200000| Untracked 
|  65|0x0000000085300000, 0x0000000085300000, 0x0000000085400000|  0%| F|  |TAMS 0x0000000085300000| PB 0x0000000085300000| Untracked 
|  66|0x0000000085400000, 0x0000000085400000, 0x0000000085500000|  0%| F|  |TAMS 0x0000000085400000| PB 0x0000000085400000| Untracked 
|  67|0x0000000085500000, 0x0000000085500000, 0x0000000085600000|  0%| F|  |TAMS 0x0000000085500000| PB 0x0000000085500000| Untracked 
|  68|0x0000000085600000, 0x0000000085600000, 0x0000000085700000|  0%| F|  |TAMS 0x0000000085600000| PB 0x0000000085600000| Untracked 
|  69|0x0000000085700000, 0x0000000085700000, 0x0000000085800000|  0%| F|  |TAMS 0x0000000085700000| PB 0x0000000085700000| Untracked 
|  70|0x0000000085800000, 0x0000000085800000, 0x0000000085900000|  0%| F|  |TAMS 0x0000000085800000| PB 0x0000000085800000| Untracked 
|  71|0x0000000085900000, 0x0000000085900000, 0x0000000085a00000|  0%| F|  |TAMS 0x0000000085900000| PB 0x0000000085900000| Untracked 
|  72|0x0000000085a00000, 0x0000000085a00000, 0x0000000085b00000|  0%| F|  |TAMS 0x0000000085a00000| PB 0x0000000085a00000| Untracked 
|  73|0x0000000085b00000, 0x0000000085b00000, 0x0000000085c00000|  0%| F|  |TAMS 0x0000000085b00000| PB 0x0000000085b00000| Untracked 
|  74|0x0000000085c00000, 0x0000000085c00000, 0x0000000085d00000|  0%| F|  |TAMS 0x0000000085c00000| PB 0x0000000085c00000| Untracked 
|  75|0x0000000085d00000, 0x0000000085d00000, 0x0000000085e00000|  0%| F|  |TAMS 0x0000000085d00000| PB 0x0000000085d00000| Untracked 
|  76|0x0000000085e00000, 0x0000000085e00000, 0x0000000085f00000|  0%| F|  |TAMS 0x0000000085e00000| PB 0x0000000085e00000| Untracked 
|  77|0x0000000085f00000, 0x0000000085f00000, 0x0000000086000000|  0%| F|  |TAMS 0x0000000085f00000| PB 0x0000000085f00000| Untracked 
|  78|0x0000000086000000, 0x0000000086000000, 0x0000000086100000|  0%| F|  |TAMS 0x0000000086000000| PB 0x0000000086000000| Untracked 
|  79|0x0000000086100000, 0x0000000086100000, 0x0000000086200000|  0%| F|  |TAMS 0x0000000086100000| PB 0x0000000086100000| Untracked 
|  80|0x0000000086200000, 0x0000000086200000, 0x0000000086300000|  0%| F|  |TAMS 0x0000000086200000| PB 0x0000000086200000| Untracked 
|  81|0x0000000086300000, 0x0000000086300000, 0x0000000086400000|  0%| F|  |TAMS 0x0000000086300000| PB 0x0000000086300000| Untracked 
|  82|0x0000000086400000, 0x0000000086400000, 0x0000000086500000|  0%| F|  |TAMS 0x0000000086400000| PB 0x0000000086400000| Untracked 
|  83|0x0000000086500000, 0x0000000086500000, 0x0000000086600000|  0%| F|  |TAMS 0x0000000086500000| PB 0x0000000086500000| Untracked 
|  84|0x0000000086600000, 0x0000000086600000, 0x0000000086700000|  0%| F|  |TAMS 0x0000000086600000| PB 0x0000000086600000| Untracked 
|  85|0x0000000086700000, 0x0000000086700000, 0x0000000086800000|  0%| F|  |TAMS 0x0000000086700000| PB 0x0000000086700000| Untracked 
|  86|0x0000000086800000, 0x0000000086800000, 0x0000000086900000|  0%| F|  |TAMS 0x0000000086800000| PB 0x0000000086800000| Untracked 
|  87|0x0000000086900000, 0x0000000086900000, 0x0000000086a00000|  0%| F|  |TAMS 0x0000000086900000| PB 0x0000000086900000| Untracked 
|  88|0x0000000086a00000, 0x0000000086a00000, 0x0000000086b00000|  0%| F|  |TAMS 0x0000000086a00000| PB 0x0000000086a00000| Untracked 
|  89|0x0000000086b00000, 0x0000000086b00000, 0x0000000086c00000|  0%| F|  |TAMS 0x0000000086b00000| PB 0x0000000086b00000| Untracked 
|  90|0x0000000086c00000, 0x0000000086c00000, 0x0000000086d00000|  0%| F|  |TAMS 0x0000000086c00000| PB 0x0000000086c00000| Untracked 
|  91|0x0000000086d00000, 0x0000000086d00000, 0x0000000086e00000|  0%| F|  |TAMS 0x0000000086d00000| PB 0x0000000086d00000| Untracked 
|  92|0x0000000086e00000, 0x0000000086e00000, 0x0000000086f00000|  0%| F|  |TAMS 0x0000000086e00000| PB 0x0000000086e00000| Untracked 
|  93|0x0000000086f00000, 0x0000000086f00000, 0x0000000087000000|  0%| F|  |TAMS 0x0000000086f00000| PB 0x0000000086f00000| Untracked 
|  94|0x0000000087000000, 0x000000008709e6f0, 0x0000000087100000| 61%| E|  |TAMS 0x0000000087000000| PB 0x0000000087000000| Complete 
|  95|0x0000000087100000, 0x0000000087200000, 0x0000000087200000|100%| E|CS|TAMS 0x0000000087100000| PB 0x0000000087100000| Complete 
|  96|0x0000000087200000, 0x0000000087300000, 0x0000000087300000|100%| E|CS|TAMS 0x0000000087200000| PB 0x0000000087200000| Complete 
|  97|0x0000000087300000, 0x0000000087400000, 0x0000000087400000|100%| E|CS|TAMS 0x0000000087300000| PB 0x0000000087300000| Complete 
|  98|0x0000000087400000, 0x0000000087500000, 0x0000000087500000|100%| E|CS|TAMS 0x0000000087400000| PB 0x0000000087400000| Complete 
|  99|0x0000000087500000, 0x0000000087600000, 0x0000000087600000|100%| E|CS|TAMS 0x0000000087500000| PB 0x0000000087500000| Complete 
| 100|0x0000000087600000, 0x0000000087700000, 0x0000000087700000|100%| E|CS|TAMS 0x0000000087600000| PB 0x0000000087600000| Complete 
| 101|0x0000000087700000, 0x0000000087800000, 0x0000000087800000|100%| E|CS|TAMS 0x0000000087700000| PB 0x0000000087700000| Complete 
| 102|0x0000000087800000, 0x0000000087900000, 0x0000000087900000|100%| E|CS|TAMS 0x0000000087800000| PB 0x0000000087800000| Complete 
| 103|0x0000000087900000, 0x0000000087a00000, 0x0000000087a00000|100%| E|CS|TAMS 0x0000000087900000| PB 0x0000000087900000| Complete 
| 104|0x0000000087a00000, 0x0000000087b00000, 0x0000000087b00000|100%| E|CS|TAMS 0x0000000087a00000| PB 0x0000000087a00000| Complete 
| 105|0x0000000087b00000, 0x0000000087c00000, 0x0000000087c00000|100%| E|CS|TAMS 0x0000000087b00000| PB 0x0000000087b00000| Complete 
| 106|0x0000000087c00000, 0x0000000087d00000, 0x0000000087d00000|100%| E|CS|TAMS 0x0000000087c00000| PB 0x0000000087c00000| Complete 
| 107|0x0000000087d00000, 0x0000000087e00000, 0x0000000087e00000|100%| E|CS|TAMS 0x0000000087d00000| PB 0x0000000087d00000| Complete 
| 108|0x0000000087e00000, 0x0000000087f00000, 0x0000000087f00000|100%| E|CS|TAMS 0x0000000087e00000| PB 0x0000000087e00000| Complete 
| 109|0x0000000087f00000, 0x0000000088000000, 0x0000000088000000|100%| E|CS|TAMS 0x0000000087f00000| PB 0x0000000087f00000| Complete 
| 110|0x0000000088000000, 0x00000000880c9d80, 0x0000000088100000| 78%| S|CS|TAMS 0x0000000088000000| PB 0x0000000088000000| Complete 
| 111|0x0000000088100000, 0x0000000088200000, 0x0000000088200000|100%| E|CS|TAMS 0x0000000088100000| PB 0x0000000088100000| Complete 
| 112|0x0000000088200000, 0x0000000088300000, 0x0000000088300000|100%| E|CS|TAMS 0x0000000088200000| PB 0x0000000088200000| Complete 
| 113|0x0000000088300000, 0x0000000088400000, 0x0000000088400000|100%| E|CS|TAMS 0x0000000088300000| PB 0x0000000088300000| Complete 
| 114|0x0000000088400000, 0x0000000088500000, 0x0000000088500000|100%| E|CS|TAMS 0x0000000088400000| PB 0x0000000088400000| Complete 
| 115|0x0000000088500000, 0x0000000088600000, 0x0000000088600000|100%| E|CS|TAMS 0x0000000088500000| PB 0x0000000088500000| Complete 
| 116|0x0000000088600000, 0x0000000088700000, 0x0000000088700000|100%| E|CS|TAMS 0x0000000088600000| PB 0x0000000088600000| Complete 
| 117|0x0000000088700000, 0x0000000088800000, 0x0000000088800000|100%| E|CS|TAMS 0x0000000088700000| PB 0x0000000088700000| Complete 
| 118|0x0000000088800000, 0x0000000088900000, 0x0000000088900000|100%| E|CS|TAMS 0x0000000088800000| PB 0x0000000088800000| Complete 
| 119|0x0000000088900000, 0x0000000088a00000, 0x0000000088a00000|100%| E|CS|TAMS 0x0000000088900000| PB 0x0000000088900000| Complete 
| 120|0x0000000088a00000, 0x0000000088b00000, 0x0000000088b00000|100%| E|CS|TAMS 0x0000000088a00000| PB 0x0000000088a00000| Complete 
| 121|0x0000000088b00000, 0x0000000088c00000, 0x0000000088c00000|100%| E|CS|TAMS 0x0000000088b00000| PB 0x0000000088b00000| Complete 
| 122|0x0000000088c00000, 0x0000000088d00000, 0x0000000088d00000|100%| E|CS|TAMS 0x0000000088c00000| PB 0x0000000088c00000| Complete 
| 123|0x0000000088d00000, 0x0000000088e00000, 0x0000000088e00000|100%| E|CS|TAMS 0x0000000088d00000| PB 0x0000000088d00000| Complete 
| 124|0x0000000088e00000, 0x0000000088f00000, 0x0000000088f00000|100%| E|CS|TAMS 0x0000000088e00000| PB 0x0000000088e00000| Complete 
| 125|0x0000000088f00000, 0x0000000089000000, 0x0000000089000000|100%| E|  |TAMS 0x0000000088f00000| PB 0x0000000088f00000| Complete 
| 126|0x0000000089000000, 0x0000000089100000, 0x0000000089100000|100%| E|CS|TAMS 0x0000000089000000| PB 0x0000000089000000| Complete 
| 127|0x0000000089100000, 0x0000000089200000, 0x0000000089200000|100%| E|CS|TAMS 0x0000000089100000| PB 0x0000000089100000| Complete 

Card table byte_map: [0x000001781b030000,0x000001781b430000] _byte_map_base: 0x000001781ac27000

Marking Bits: (CMBitMap*) 0x0000017803bab570
 Bits: [0x000001781b830000, 0x000001781d7e8000)

Polling page: 0x0000017803320000

Metaspace:

Usage:
  Non-class:      9.88 MB used.
      Class:      1.36 MB used.
       Both:     11.24 MB used.

Virtual space:
  Non-class space:       64.00 MB reserved,      10.00 MB ( 16%) committed,  1 nodes.
      Class space:        1.00 GB reserved,       1.50 MB ( <1%) committed,  1 nodes.
             Both:        1.06 GB reserved,      11.50 MB (  1%) committed. 

Chunk freelists:
   Non-Class:  464.00 KB
       Class:  2.55 MB
        Both:  3.00 MB

MaxMetaspaceSize: unlimited
CompressedClassSpaceSize: 1.00 GB
Initial GC threshold: 21.00 MB
Current GC threshold: 21.00 MB
CDS: on
MetaspaceReclaimPolicy: balanced
 - commit_granule_bytes: 65536.
 - commit_granule_words: 8192.
 - virtual_space_node_default_size: 8388608.
 - enlarge_chunks_in_place: 1.
 - new_chunks_are_fully_committed: 0.
 - uncommit_free_chunks: 1.
 - use_allocation_guard: 0.


Internal statistics:

num_allocs_failed_limit: 0.
num_arena_births: 108.
num_arena_deaths: 0.
num_vsnodes_births: 2.
num_vsnodes_deaths: 0.
num_space_committed: 184.
num_space_uncommitted: 0.
num_chunks_returned_to_freelist: 0.
num_chunks_taken_from_freelist: 478.
num_chunk_merges: 0.
num_chunk_splits: 347.
num_chunks_enlarged: 293.
num_inconsistent_stats: 0.

CodeHeap 'non-profiled nmethods': size=120000Kb used=814Kb max_used=814Kb free=119185Kb
 bounds [0x0000017813700000, 0x0000017813970000, 0x000001781ac30000]
CodeHeap 'profiled nmethods': size=120000Kb used=4551Kb max_used=4551Kb free=115448Kb
 bounds [0x000001780bc30000, 0x000001780c0b0000, 0x0000017813160000]
CodeHeap 'non-nmethods': size=5760Kb used=1417Kb max_used=1454Kb free=4342Kb
 bounds [0x0000017813160000, 0x00000178133d0000, 0x0000017813700000]
 total_blobs=2829 nmethods=2374 adapters=365
 compilation: enabled
              stopped_count=0, restarted_count=0
 full_count=0

Compilation events (20 events):
Event: 1.853 Thread 0x000001781fcc3380 2364       1       com.google.inject.internal.asm.$Handle::getOwner (5 bytes)
Event: 1.853 Thread 0x000001781fcc3380 nmethod 2364 0x00000178137c8510 code [0x00000178137c8680, 0x00000178137c8748]
Event: 1.853 Thread 0x000001781fcc3380 2365       1       com.google.inject.internal.asm.$Handle::getName (5 bytes)
Event: 1.853 Thread 0x000001781fcc3380 nmethod 2365 0x00000178137c8810 code [0x00000178137c8980, 0x00000178137c8a48]
Event: 1.853 Thread 0x000001781fcc3380 2366       1       com.google.inject.internal.asm.$Handle::getDesc (5 bytes)
Event: 1.853 Thread 0x000001781fcc3380 nmethod 2366 0x00000178137c8b10 code [0x00000178137c8c80, 0x00000178137c8d48]
Event: 1.853 Thread 0x000001781fcc3380 2367       1       com.google.inject.internal.asm.$Handle::isInterface (5 bytes)
Event: 1.853 Thread 0x000001781fcc3380 nmethod 2367 0x00000178137c8e10 code [0x00000178137c8f80, 0x00000178137c9050]
Event: 1.854 Thread 0x000001781fcc3380 2369       1       com.google.inject.internal.BindingImpl::getInternalFactory (5 bytes)
Event: 1.854 Thread 0x000001781fcc3380 nmethod 2369 0x00000178137c9110 code [0x00000178137c9280, 0x00000178137c9348]
Event: 1.854 Thread 0x000001781fcc3380 2370       3       com.google.inject.internal.aop.ClassBuilding::visitMembers (46 bytes)
Event: 1.855 Thread 0x000001781fcc3380 nmethod 2370 0x000001780c09fd10 code [0x000001780c09fee0, 0x000001780c0a03b0]
Event: 1.855 Thread 0x000001781fcc3380 2371       3       com.google.common.collect.ArrayListMultimap::put (7 bytes)
Event: 1.855 Thread 0x000001781fcc3380 nmethod 2371 0x000001780c0a0590 code [0x000001780c0a0720, 0x000001780c0a08c0]
Event: 1.855 Thread 0x000001781fcc3380 2372       3       com.google.common.collect.AbstractListMultimap::put (7 bytes)
Event: 1.855 Thread 0x000001781fcc3380 nmethod 2372 0x000001780c0a0990 code [0x000001780c0a0b20, 0x000001780c0a0c60]
Event: 1.855 Thread 0x000001781fcc3380 2374       3       com.google.common.collect.AbstractMapBasedMultimap::put (92 bytes)
Event: 1.856 Thread 0x000001781fcc3380 nmethod 2374 0x000001780c0a0d10 code [0x000001780c0a0f20, 0x000001780c0a1740]
Event: 1.856 Thread 0x000001781fcc3380 2373       3       com.google.common.collect.AbstractMapBasedMultimap::createCollection (5 bytes)
Event: 1.856 Thread 0x000001781fcc3380 nmethod 2373 0x000001780c0a1990 code [0x000001780c0a1b20, 0x000001780c0a1ce8]

GC Heap History (4 events):
Event: 0.520 GC heap before
{Heap before GC invocations=0 (full 0):
 garbage-first heap   total 131072K, used 13312K [0x0000000081200000, 0x0000000100000000)
  region size 1024K, 13 young (13312K), 0 survivors (0K)
 Metaspace       used 3670K, committed 3840K, reserved 1114112K
  class space    used 377K, committed 448K, reserved 1048576K
}
Event: 0.524 GC heap after
{Heap after GC invocations=1 (full 0):
 garbage-first heap   total 131072K, used 3200K [0x0000000081200000, 0x0000000100000000)
  region size 1024K, 2 young (2048K), 2 survivors (2048K)
 Metaspace       used 3670K, committed 3840K, reserved 1114112K
  class space    used 377K, committed 448K, reserved 1048576K
}
Event: 0.903 GC heap before
{Heap before GC invocations=1 (full 0):
 garbage-first heap   total 131072K, used 18560K [0x0000000081200000, 0x0000000100000000)
  region size 1024K, 17 young (17408K), 2 survivors (2048K)
 Metaspace       used 5868K, committed 6016K, reserved 1114112K
  class space    used 676K, committed 768K, reserved 1048576K
}
Event: 0.908 GC heap after
{Heap after GC invocations=2 (full 0):
 garbage-first heap   total 131072K, used 4151K [0x0000000081200000, 0x0000000100000000)
  region size 1024K, 1 young (1024K), 1 survivors (1024K)
 Metaspace       used 5868K, committed 6016K, reserved 1114112K
  class space    used 676K, committed 768K, reserved 1048576K
}

Dll operation events (8 events):
Event: 0.004 Loaded shared library C:\Program Files\Java\jdk-20\bin\java.dll
Event: 0.023 Loaded shared library C:\Program Files\Java\jdk-20\bin\jsvml.dll
Event: 0.054 Loaded shared library C:\Program Files\Java\jdk-20\bin\net.dll
Event: 0.056 Loaded shared library C:\Program Files\Java\jdk-20\bin\nio.dll
Event: 0.058 Loaded shared library C:\Program Files\Java\jdk-20\bin\zip.dll
Event: 0.170 Loaded shared library C:\Program Files\Java\jdk-20\bin\jimage.dll
Event: 0.177 Loaded shared library C:\Program Files\NetBeans-18\netbeans\java\maven\lib\jansi-native\Windows\x86_64\jansi.dll
Event: 0.190 Loaded shared library C:\Program Files\Java\jdk-20\bin\verify.dll

Deoptimization events (20 events):
Event: 1.455 Thread 0x0000017803b4e900 Uncommon trap: trap_request=0xffffffc6 fr.pc=0x00000178137a2544 relative=0x0000000000000284
Event: 1.455 Thread 0x0000017803b4e900 Uncommon trap: reason=bimorphic_or_optimized_type_check action=maybe_recompile pc=0x00000178137a2544 method=java.util.HashMap.getNode(Ljava/lang/Object;)Ljava/util/HashMap$Node; @ 128 c2
Event: 1.455 Thread 0x0000017803b4e900 DEOPT PACKING pc=0x00000178137a2544 sp=0x000000145b2fe780
Event: 1.455 Thread 0x0000017803b4e900 DEOPT UNPACKING pc=0x00000178131c9d22 sp=0x000000145b2fe688 mode 2
Event: 1.572 Thread 0x0000017803b4e900 Uncommon trap: trap_request=0xffffff45 fr.pc=0x000001781373639c relative=0x000000000000027c
Event: 1.572 Thread 0x0000017803b4e900 Uncommon trap: reason=unstable_if action=reinterpret pc=0x000001781373639c method=java.util.concurrent.ConcurrentHashMap.get(Ljava/lang/Object;)Ljava/lang/Object; @ 76 c2
Event: 1.572 Thread 0x0000017803b4e900 DEOPT PACKING pc=0x000001781373639c sp=0x000000145b2fb750
Event: 1.572 Thread 0x0000017803b4e900 DEOPT UNPACKING pc=0x00000178131c9d22 sp=0x000000145b2fb6c8 mode 2
Event: 1.612 Thread 0x0000017803b4e900 Uncommon trap: trap_request=0xffffff45 fr.pc=0x000001781376c104 relative=0x0000000000000184
Event: 1.612 Thread 0x0000017803b4e900 Uncommon trap: reason=unstable_if action=reinterpret pc=0x000001781376c104 method=java.lang.ClassLoader.checkName(Ljava/lang/String;)Z @ 1 c2
Event: 1.612 Thread 0x0000017803b4e900 DEOPT PACKING pc=0x000001781376c104 sp=0x000000145b2fdea0
Event: 1.612 Thread 0x0000017803b4e900 DEOPT UNPACKING pc=0x00000178131c9d22 sp=0x000000145b2fde38 mode 2
Event: 1.626 Thread 0x0000017803b4e900 Uncommon trap: trap_request=0xffffff45 fr.pc=0x00000178137afa48 relative=0x00000000000002c8
Event: 1.626 Thread 0x0000017803b4e900 Uncommon trap: reason=unstable_if action=reinterpret pc=0x00000178137afa48 method=jdk.internal.org.objectweb.asm.SymbolTable.put(Ljdk/internal/org/objectweb/asm/SymbolTable$Entry;)Ljdk/internal/org/objectweb/asm/SymbolTable$Entry; @ 13 c2
Event: 1.626 Thread 0x0000017803b4e900 DEOPT PACKING pc=0x00000178137afa48 sp=0x000000145b2fdb40
Event: 1.626 Thread 0x0000017803b4e900 DEOPT UNPACKING pc=0x00000178131c9d22 sp=0x000000145b2fdac0 mode 2
Event: 1.666 Thread 0x0000017803b4e900 DEOPT PACKING pc=0x000001780bfd50c4 sp=0x000000145b2fe360
Event: 1.666 Thread 0x0000017803b4e900 DEOPT UNPACKING pc=0x00000178131ca4c2 sp=0x000000145b2fd8c0 mode 0
Event: 1.733 Thread 0x0000017803b4e900 DEOPT PACKING pc=0x000001780bfb28fc sp=0x000000145b2fd7d0
Event: 1.733 Thread 0x0000017803b4e900 DEOPT UNPACKING pc=0x00000178131ca4c2 sp=0x000000145b2fcc88 mode 0

Classes loaded (20 events):
Event: 1.537 Loading class java/nio/channels/GatheringByteChannel done
Event: 1.537 Loading class java/nio/channels/ScatteringByteChannel
Event: 1.537 Loading class java/nio/channels/ScatteringByteChannel done
Event: 1.537 Loading class java/nio/channels/spi/AbstractInterruptibleChannel
Event: 1.537 Loading class java/nio/channels/InterruptibleChannel
Event: 1.537 Loading class java/nio/channels/InterruptibleChannel done
Event: 1.537 Loading class java/nio/channels/spi/AbstractInterruptibleChannel done
Event: 1.537 Loading class java/nio/channels/FileChannel done
Event: 1.568 Loading class java/lang/ExceptionInInitializerError
Event: 1.568 Loading class java/lang/ExceptionInInitializerError done
Event: 1.572 Loading class jdk/internal/vm/annotation/ForceInline
Event: 1.572 Loading class jdk/internal/vm/annotation/ForceInline done
Event: 1.603 Loading class sun/invoke/util/ValueConversions$1
Event: 1.603 Loading class sun/invoke/util/ValueConversions$1 done
Event: 1.604 Loading class java/lang/invoke/BoundMethodHandle$Species_LI
Event: 1.604 Loading class java/lang/invoke/BoundMethodHandle$Species_LI done
Event: 1.733 Loading class sun/reflect/generics/scope/MethodScope
Event: 1.733 Loading class sun/reflect/generics/scope/MethodScope done
Event: 1.733 Loading class sun/reflect/generics/repository/MethodRepository
Event: 1.733 Loading class sun/reflect/generics/repository/MethodRepository done

Classes unloaded (0 events):
No events

Classes redefined (0 events):
No events

Internal exceptions (20 events):
Event: 0.484 Thread 0x0000017803b4e900 Exception <a 'java/lang/NoSuchMethodError'{0x000000008850b8e0}: 'void java.lang.invoke.DirectMethodHandle$Holder.invokeSpecial(java.lang.Object, java.lang.Object, java.lang.Object)'> (0x000000008850b8e0) 
thrown [s\open\src\hotspot\share\interpreter\linkResolver.cpp, line 773]
Event: 0.530 Thread 0x0000017803b4e900 Exception <a 'java/lang/NoSuchMethodError'{0x00000000891304f0}: 'java.lang.Object java.lang.invoke.DirectMethodHandle$Holder.invokeInterface(java.lang.Object, java.lang.Object)'> (0x00000000891304f0) 
thrown [s\open\src\hotspot\share\interpreter\linkResolver.cpp, line 773]
Event: 0.532 Thread 0x0000017803b4e900 Exception <a 'java/lang/NoSuchMethodError'{0x0000000089155be8}: 'int java.lang.invoke.DirectMethodHandle$Holder.invokeSpecial(java.lang.Object, java.lang.Object, java.lang.Object)'> (0x0000000089155be8) 
thrown [s\open\src\hotspot\share\interpreter\linkResolver.cpp, line 773]
Event: 0.549 Thread 0x0000017803b4e900 Exception <a 'java/lang/NoSuchMethodError'{0x00000000891f67a8}: 'int java.lang.invoke.DirectMethodHandle$Holder.invokeStatic(java.lang.Object, java.lang.Object, java.lang.Object, java.lang.Object)'> (0x00000000891f67a8) 
thrown [s\open\src\hotspot\share\interpreter\linkResolver.cpp, line 773]
Event: 0.550 Thread 0x0000017803b4e900 Exception <a 'java/lang/NoSuchMethodError'{0x00000000891f9e28}: 'java.lang.Object java.lang.invoke.Invokers$Holder.invokeExact_MT(java.lang.Object, java.lang.Object, java.lang.Object, java.lang.Object, java.lang.Object, java.lang.Object)'> (0x00000000891f9e28) 
thrown [s\open\src\hotspot\share\interpreter\linkResolver.cpp, line 773]
Event: 0.552 Thread 0x0000017803b4e900 Exception <a 'java/lang/NoSuchMethodError'{0x000000008900e378}: 'int java.lang.invoke.DirectMethodHandle$Holder.invokeSpecialIFC(java.lang.Object, java.lang.Object, java.lang.Object, java.lang.Object, java.lang.Object)'> (0x000000008900e378) 
thrown [s\open\src\hotspot\share\interpreter\linkResolver.cpp, line 773]
Event: 0.598 Thread 0x0000017803b4e900 Exception <a 'java/lang/NoSuchMethodError'{0x0000000088f86900}: 'java.lang.Object java.lang.invoke.DirectMethodHandle$Holder.newInvokeSpecial(java.lang.Object, java.lang.Object, java.lang.Object, java.lang.Object, java.lang.Object)'> (0x0000000088f86900) 
thrown [s\open\src\hotspot\share\interpreter\linkResolver.cpp, line 773]
Event: 0.631 Thread 0x0000017803b4e900 Exception <a 'java/lang/NoSuchMethodError'{0x0000000088e7fae8}: 'int java.lang.invoke.DirectMethodHandle$Holder.invokeStaticInit(java.lang.Object, java.lang.Object)'> (0x0000000088e7fae8) 
thrown [s\open\src\hotspot\share\interpreter\linkResolver.cpp, line 773]
Event: 0.641 Thread 0x0000017803b4e900 Exception <a 'java/lang/NoClassDefFoundError'{0x0000000088eb6528}: javax/enterprise/inject/Typed> (0x0000000088eb6528) 
thrown [s\open\src\hotspot\share\classfile\systemDictionary.cpp, line 294]
Event: 1.565 Thread 0x0000017803b4e900 Exception <a 'java/lang/NoSuchMethodError'{0x00000000879fd0f8}: 'void java.lang.invoke.DirectMethodHandle$Holder.invokeStatic(java.lang.Object, java.lang.Object, java.lang.Object)'> (0x00000000879fd0f8) 
thrown [s\open\src\hotspot\share\interpreter\linkResolver.cpp, line 773]
Event: 1.566 Thread 0x0000017803b4e900 Exception <a 'java/lang/NoSuchMethodError'{0x0000000087800af0}: 'void java.lang.invoke.DirectMethodHandle$Holder.invokeStaticInit(java.lang.Object, java.lang.Object, java.lang.Object)'> (0x0000000087800af0) 
thrown [s\open\src\hotspot\share\interpreter\linkResolver.cpp, line 773]
Event: 1.571 Thread 0x0000017803b4e900 Exception <a 'java/lang/ExceptionInInitializerError'{0x0000000087829e90}> (0x0000000087829e90) 
thrown [s\open\src\hotspot\share\oops\instanceKlass.cpp, line 1160]
Event: 1.603 Thread 0x0000017803b4e900 Exception <a 'java/lang/NoSuchMethodError'{0x0000000087737440}: 'long java.lang.invoke.DirectMethodHandle$Holder.invokeStatic(java.lang.Object, java.lang.Object, int)'> (0x0000000087737440) 
thrown [s\open\src\hotspot\share\interpreter\linkResolver.cpp, line 773]
Event: 1.605 Thread 0x0000017803b4e900 Exception <a 'java/lang/NoSuchMethodError'{0x000000008774a4d8}: 'java.lang.Object java.lang.invoke.DirectMethodHandle$Holder.invokeStatic(java.lang.Object, java.lang.Object, java.lang.Object, java.lang.Object, int)'> (0x000000008774a4d8) 
thrown [s\open\src\hotspot\share\interpreter\linkResolver.cpp, line 773]
Event: 1.605 Thread 0x0000017803b4e900 Exception <a 'java/lang/NoSuchMethodError'{0x00000000877523f0}: 'java.lang.Object java.lang.invoke.DirectMethodHandle$Holder.invokeSpecial(java.lang.Object, java.lang.Object, java.lang.Object, java.lang.Object, long)'> (0x00000000877523f0) 
thrown [s\open\src\hotspot\share\interpreter\linkResolver.cpp, line 773]
Event: 1.606 Thread 0x0000017803b4e900 Exception <a 'java/lang/NoSuchMethodError'{0x000000008775e120}: 'java.lang.Object java.lang.invoke.DirectMethodHandle$Holder.invokeSpecial(java.lang.Object, java.lang.Object, java.lang.Object, int, java.lang.Object)'> (0x000000008775e120) 
thrown [s\open\src\hotspot\share\interpreter\linkResolver.cpp, line 773]
Event: 1.607 Thread 0x0000017803b4e900 Exception <a 'java/lang/NoSuchMethodError'{0x0000000087766240}: 'int java.lang.invoke.DirectMethodHandle$Holder.invokeSpecial(java.lang.Object, java.lang.Object, java.lang.Object, int)'> (0x0000000087766240) 
thrown [s\open\src\hotspot\share\interpreter\linkResolver.cpp, line 773]
Event: 1.612 Thread 0x0000017803b4e900 Implicit null exception at 0x000001781376bf9d to 0x000001781376c0f4
Event: 1.614 Thread 0x0000017803b4e900 Exception <a 'java/lang/NoSuchMethodError'{0x000000008778aab8}: 'java.lang.Object java.lang.invoke.Invokers$Holder.invokeExact_MT(java.lang.Object, int, java.lang.Object)'> (0x000000008778aab8) 
thrown [s\open\src\hotspot\share\interpreter\linkResolver.cpp, line 773]
Event: 1.631 Thread 0x0000017803b4e900 Exception <a 'java/lang/NoSuchMethodError'{0x0000000087613220}: 'void java.lang.invoke.DirectMethodHandle$Holder.invokeStatic(java.lang.Object, java.lang.Object)'> (0x0000000087613220) 
thrown [s\open\src\hotspot\share\interpreter\linkResolver.cpp, line 773]

VM Operations (20 events):
Event: 0.293 Executing VM operation: HandshakeAllThreads
Event: 0.293 Executing VM operation: HandshakeAllThreads done
Event: 0.519 Executing VM operation: G1CollectForAllocation
Event: 0.524 Executing VM operation: G1CollectForAllocation done
Event: 0.903 Executing VM operation: G1CollectForAllocation
Event: 0.908 Executing VM operation: G1CollectForAllocation done
Event: 1.241 Executing VM operation: HandshakeAllThreads
Event: 1.241 Executing VM operation: HandshakeAllThreads done
Event: 1.378 Executing VM operation: HandshakeAllThreads
Event: 1.378 Executing VM operation: HandshakeAllThreads done
Event: 1.468 Executing VM operation: ICBufferFull
Event: 1.468 Executing VM operation: ICBufferFull done
Event: 1.580 Executing VM operation: HandshakeAllThreads
Event: 1.580 Executing VM operation: HandshakeAllThreads done
Event: 1.662 Executing VM operation: HandshakeAllThreads
Event: 1.662 Executing VM operation: HandshakeAllThreads done
Event: 1.665 Executing VM operation: HandshakeAllThreads
Event: 1.665 Executing VM operation: HandshakeAllThreads done
Event: 1.733 Executing VM operation: HandshakeAllThreads
Event: 1.733 Executing VM operation: HandshakeAllThreads done

Events (13 events):
Event: 0.023 Thread 0x0000017803b4e900 Thread added: 0x0000017803b4e900
Event: 0.033 Thread 0x000001781fcafa50 Thread added: 0x000001781fcafa50
Event: 0.033 Thread 0x000001781fcb08f0 Thread added: 0x000001781fcb08f0
Event: 0.033 Thread 0x000001781fcb3b40 Thread added: 0x000001781fcb3b40
Event: 0.033 Thread 0x000001781fcb75a0 Thread added: 0x000001781fcb75a0
Event: 0.034 Thread 0x000001781fcb8220 Thread added: 0x000001781fcb8220
Event: 0.034 Thread 0x000001781fcbe880 Thread added: 0x000001781fcbe880
Event: 0.034 Thread 0x000001781fcc2860 Thread added: 0x000001781fcc2860
Event: 0.034 Thread 0x000001781fcc3380 Thread added: 0x000001781fcc3380
Event: 0.050 Thread 0x00000178650e0a10 Thread added: 0x00000178650e0a10
Event: 0.052 Thread 0x00000178650eb710 Thread added: 0x00000178650eb710
Event: 0.468 Thread 0x0000017865b382c0 Thread added: 0x0000017865b382c0
Event: 1.565 Thread 0x0000017865b382c0 Thread exited: 0x0000017865b382c0


Dynamic libraries:
0x00007ff704d30000 - 0x00007ff704d40000 	C:\Program Files\Java\jdk-20\bin\java.exe
0x00007ffbd7110000 - 0x00007ffbd7308000 	C:\Windows\SYSTEM32\ntdll.dll
0x00007ffbd5e10000 - 0x00007ffbd5ecf000 	C:\Windows\System32\KERNEL32.DLL
0x00007ffbd4b70000 - 0x00007ffbd4e66000 	C:\Windows\System32\KERNELBASE.dll
0x00007ffbd4fd0000 - 0x00007ffbd50d0000 	C:\Windows\System32\ucrtbase.dll
0x00007ffbcfbb0000 - 0x00007ffbcfbcb000 	C:\Program Files\Java\jdk-20\bin\VCRUNTIME140.dll
0x00007ffbce620000 - 0x00007ffbce639000 	C:\Program Files\Java\jdk-20\bin\jli.dll
0x00007ffbd7020000 - 0x00007ffbd70cf000 	C:\Windows\System32\ADVAPI32.dll
0x00007ffbd6d70000 - 0x00007ffbd6e0e000 	C:\Windows\System32\msvcrt.dll
0x00007ffbd59f0000 - 0x00007ffbd5a8c000 	C:\Windows\System32\sechost.dll
0x00007ffbd5bc0000 - 0x00007ffbd5ce6000 	C:\Windows\System32\RPCRT4.dll
0x00007ffbd5840000 - 0x00007ffbd59dd000 	C:\Windows\System32\USER32.dll
0x00007ffbbfe30000 - 0x00007ffbc00ca000 	C:\Windows\WinSxS\amd64_microsoft.windows.common-controls_6595b64144ccf1df_6.0.19041.1110_none_60b5254171f9507e\COMCTL32.dll
0x00007ffbd50d0000 - 0x00007ffbd50f2000 	C:\Windows\System32\win32u.dll
0x00007ffbd5f30000 - 0x00007ffbd5f5c000 	C:\Windows\System32\GDI32.dll
0x00007ffbd47f0000 - 0x00007ffbd4905000 	C:\Windows\System32\gdi32full.dll
0x00007ffbd4a80000 - 0x00007ffbd4b1d000 	C:\Windows\System32\msvcp_win.dll
0x00007ffbc6410000 - 0x00007ffbc641a000 	C:\Windows\SYSTEM32\VERSION.dll
0x00007ffbd5ef0000 - 0x00007ffbd5f20000 	C:\Windows\System32\IMM32.DLL
0x00007ffbd2780000 - 0x00007ffbd278c000 	C:\Program Files\Java\jdk-20\bin\vcruntime140_1.dll
0x00007ffbca100000 - 0x00007ffbca18e000 	C:\Program Files\Java\jdk-20\bin\msvcp140.dll
0x00007ffb99000000 - 0x00007ffb99c98000 	C:\Program Files\Java\jdk-20\bin\server\jvm.dll
0x00007ffbc5ab0000 - 0x00007ffbc5ad7000 	C:\Windows\SYSTEM32\WINMM.dll
0x00007ffbcfcc0000 - 0x00007ffbcfcc9000 	C:\Windows\SYSTEM32\WSOCK32.dll
0x00007ffbd5f60000 - 0x00007ffbd5fcb000 	C:\Windows\System32\WS2_32.dll
0x00007ffbd30b0000 - 0x00007ffbd30c2000 	C:\Windows\SYSTEM32\kernel.appcore.dll
0x00007ffbcfc50000 - 0x00007ffbcfc5a000 	C:\Program Files\Java\jdk-20\bin\jimage.dll
0x00007ffbcdc50000 - 0x00007ffbcde34000 	C:\Windows\SYSTEM32\DBGHELP.DLL
0x00007ffbcd8d0000 - 0x00007ffbcd904000 	C:\Windows\SYSTEM32\dbgcore.DLL
0x00007ffbd49c0000 - 0x00007ffbd4a42000 	C:\Windows\System32\bcryptPrimitives.dll
0x00007ffbce5b0000 - 0x00007ffbce5d6000 	C:\Program Files\Java\jdk-20\bin\java.dll
0x00007ffbbd100000 - 0x00007ffbbd1d7000 	C:\Program Files\Java\jdk-20\bin\jsvml.dll
0x00007ffbd5fd0000 - 0x00007ffbd6714000 	C:\Windows\System32\SHELL32.dll
0x00007ffbd2840000 - 0x00007ffbd2fd3000 	C:\Windows\SYSTEM32\windows.storage.dll
0x00007ffbd68e0000 - 0x00007ffbd6c34000 	C:\Windows\System32\combase.dll
0x00007ffbd4230000 - 0x00007ffbd425e000 	C:\Windows\SYSTEM32\Wldp.dll
0x00007ffbd6720000 - 0x00007ffbd67cd000 	C:\Windows\System32\SHCORE.dll
0x00007ffbd6fc0000 - 0x00007ffbd7015000 	C:\Windows\System32\shlwapi.dll
0x00007ffbd4720000 - 0x00007ffbd4745000 	C:\Windows\SYSTEM32\profapi.dll
0x00007ffbce590000 - 0x00007ffbce5a3000 	C:\Program Files\Java\jdk-20\bin\net.dll
0x00007ffbcc940000 - 0x00007ffbcca4a000 	C:\Windows\SYSTEM32\WINHTTP.dll
0x00007ffbd3f90000 - 0x00007ffbd3ffa000 	C:\Windows\system32\mswsock.dll
0x00007ffbce1c0000 - 0x00007ffbce1d6000 	C:\Program Files\Java\jdk-20\bin\nio.dll
0x00007ffbcbce0000 - 0x00007ffbcbcf8000 	C:\Program Files\Java\jdk-20\bin\zip.dll
0x0000000069ac0000 - 0x0000000069ae4000 	C:\Program Files\NetBeans-18\netbeans\java\maven\lib\jansi-native\Windows\x86_64\jansi.dll
0x00007ffbcefa0000 - 0x00007ffbcefb0000 	C:\Program Files\Java\jdk-20\bin\verify.dll

dbghelp: loaded successfully - version: 4.0.5 - missing functions: none
symbol engine: initialized successfully - sym options: 0x614 - pdb path: .;C:\Program Files\Java\jdk-20\bin;C:\Windows\SYSTEM32;C:\Windows\WinSxS\amd64_microsoft.windows.common-controls_6595b64144ccf1df_6.0.19041.1110_none_60b5254171f9507e;C:\Program Files\Java\jdk-20\bin\server;C:\Program Files\NetBeans-18\netbeans\java\maven\lib\jansi-native\Windows\x86_64

VM Arguments:
jvm_args: -Dclassworlds.conf=C:\Program Files\NetBeans-18\netbeans\java\maven\bin\m2.conf -Dmaven.home=C:\Program Files\NetBeans-18\netbeans\java\maven -Dlibrary.jansi.path=C:\Program Files\NetBeans-18\netbeans\java\maven\lib\jansi-native -Dmaven.multiModuleProjectDirectory=C:\Users\Ja8\Documents\NetBeansProjects\CursoJava24_JSP3_Scriptlets 
java_command: org.codehaus.plexus.classworlds.launcher.Launcher -Dnetbeans.deploy=true -Dexec.vmArgs= -Dexec.appArgs= -Dmaven.ext.class.path=C:\Program Files\NetBeans-18\netbeans\java\maven-nblib\netbeans-eventspy.jar -Dfile.encoding=UTF-8 --no-transfer-progress package
java_class_path (initial): C:\Program Files\NetBeans-18\netbeans\java\maven\boot\plexus-classworlds-2.6.0.jar
Launcher Type: SUN_STANDARD

[Global flags]
     intx CICompilerCount                          = 3                                         {product} {ergonomic}
     uint ConcGCThreads                            = 1                                         {product} {ergonomic}
     uint G1ConcRefinementThreads                  = 4                                         {product} {ergonomic}
   size_t G1HeapRegionSize                         = 1048576                                   {product} {ergonomic}
    uintx GCDrainStackTargetSize                   = 64                                        {product} {ergonomic}
   size_t InitialHeapSize                          = 134217728                                 {product} {ergonomic}
   size_t MarkStackSize                            = 4194304                                   {product} {ergonomic}
   size_t MaxHeapSize                              = 2128609280                                {product} {ergonomic}
   size_t MaxNewSize                               = 1277165568                                {product} {ergonomic}
   size_t MinHeapDeltaBytes                        = 1048576                                   {product} {ergonomic}
   size_t MinHeapSize                              = 8388608                                   {product} {ergonomic}
    uintx NonNMethodCodeHeapSize                   = 5832780                                {pd product} {ergonomic}
    uintx NonProfiledCodeHeapSize                  = 122912730                              {pd product} {ergonomic}
    uintx ProfiledCodeHeapSize                     = 122912730                              {pd product} {ergonomic}
    uintx ReservedCodeCacheSize                    = 251658240                              {pd product} {ergonomic}
     bool SegmentedCodeCache                       = true                                      {product} {ergonomic}
   size_t SoftMaxHeapSize                          = 2128609280                             {manageable} {ergonomic}
     bool UseCompressedClassPointers               = true                           {product lp64_product} {ergonomic}
     bool UseCompressedOops                        = true                           {product lp64_product} {ergonomic}
     bool UseG1GC                                  = true                                      {product} {ergonomic}
     bool UseLargePagesIndividualAllocation        = false                                  {pd product} {ergonomic}

Logging:
Log output configuration:
 #0: stdout all=warning uptime,level,tags foldmultilines=false
 #1: stderr all=off uptime,level,tags foldmultilines=false

Environment Variables:
JAVA_HOME=C:\Program Files\Java\jdk-20
PATH=C:\Program Files\Common Files\Oracle\Java\javapath;C:\Program Files (x86)\Common Files\Oracle\Java\javapath;C:\WINDOWS\system32;C:\WINDOWS;C:\WINDOWS\System32\Wbem;C:\WINDOWS\System32\WindowsPowerShell\v1.0\;C:\Program Files\AutoFirma\AutoFirma;C:\Program Files\PuTTY\;C:\Program Files\Git\cmd;C:\Users\Ja8\AppData\Local\Microsoft\WindowsApps;
USERNAME=Ja8
OS=Windows_NT
PROCESSOR_IDENTIFIER=Intel64 Family 6 Model 60 Stepping 3, GenuineIntel
TMP=C:\Users\Ja8\AppData\Local\Temp
TEMP=C:\Users\Ja8\AppData\Local\Temp




---------------  S Y S T E M  ---------------

OS:
 Windows 10 , 64 bit Build 19041 (10.0.19041.3155)
OS uptime: 9 days 17:07 hours

CPU: total 4 (initial active 4) (2 cores per cpu, 2 threads per core) family 6 model 60 stepping 3 microcode 0x27, cx8, cmov, fxsr, ht, mmx, sse, sse2, sse3, ssse3, sse4.1, sse4.2, popcnt, lzcnt, tsc, tscinvbit, avx, avx2, aes, erms, clmul, bmi1, bmi2, fma, vzeroupper, clflush, rdtscp, f16c

Memory: 4k page, system-wide physical 8112M (3192M free)
TotalPageFile size 13488M (AvailPageFile size 5527M)
current process WorkingSet (physical memory assigned to process): 106M, peak: 106M
current process commit charge ("private bytes"): 232M, peak: 232M

vm_info: Java HotSpot(TM) 64-Bit Server VM (20.0.2+9-78) for windows-amd64 JRE (20.0.2+9-78), built on 2023-06-14T10:08:48Z by "mach5one" with MS VC++ 17.1 (VS2022)

END.
